2024-02-22 08:49:50,615 [INFO] Activator:176 - 


2024-02-22 08:49:50,617 [INFO] Activator:177 - !SESSION log4j initialized
2024-02-22 08:49:53,964 [INFO] LogOutputStream:77 - [STDOUT_REDIRECT] 
2024-02-22 08:49:56,725 [INFO] ApplicationProperties:184 - Using Application install path: C:\ST\STM32CubeIDE_1.14.1\STM32CubeIDE\plugins\com.st.stm32cube.common.mx_6.10.0.202311202037
2024-02-22 08:49:56,745 [INFO] DbMcusXml:78 - Set database path to: C:\ST\STM32CubeIDE_1.14.1\STM32CubeIDE\plugins\com.st.stm32cube.common.mx_6.10.0.202311202037\\db\/mcu/
2024-02-22 08:49:56,746 [INFO] ApiDb:274 - Set plugin database path to: C:\ST\STM32CubeIDE_1.14.1\STM32CubeIDE\plugins\com.st.stm32cube.common.mx_6.10.0.202311202037\\db\/plugins/boardmanager/
2024-02-22 08:49:56,747 [WARN] ApiDb:259 - Overriding images path with different value:  => C:\ST\STM32CubeIDE_1.14.1\STM32CubeIDE\plugins\com.st.stm32cube.common.mx_6.10.0.202311202037\\db\/plugins/mcufinder/images/
2024-02-22 08:49:58,643 [WARN] ApiFinderProperties:113 - C:\Users\mecat\.stmcufinder\plugins\mcufinder\mcu\mcuFinder.mfd doesn't exist
2024-02-22 08:49:58,644 [INFO] ApiDb:250 - Set database path to: C:\Users\mecat\.stmcufinder\plugins\mcufinder//mcu/
2024-02-22 08:49:58,645 [INFO] DbMcusAds:125 - Set database path to: C:\Users\mecat\.stmcufinder\plugins\mcufinder//mcu/
2024-02-22 08:49:58,647 [INFO] CrossReferenceDbSqlite:203 - Set database path to: C:\Users\mecat\.stmcufinder\plugins\mcufinder//mcu/cs/
2024-02-22 08:49:58,758 [INFO] RulesReader:64 - Compatibility file has been processed (297 Rules)
2024-02-22 08:49:58,843 [INFO] DbMcusXml:78 - Set database path to: C:\ST\STM32CubeIDE_1.14.1\STM32CubeIDE\plugins\com.st.stm32cube.common.mx_6.10.0.202311202037\\db\/mcu/
2024-02-22 08:49:58,844 [INFO] ApiDb:274 - Set plugin database path to: C:\ST\STM32CubeIDE_1.14.1\STM32CubeIDE\plugins\com.st.stm32cube.common.mx_6.10.0.202311202037\\db\/plugins/boardmanager/
2024-02-22 08:49:58,844 [INFO] ApiDb:261 - Set plugin images path to: C:\ST\STM32CubeIDE_1.14.1\STM32CubeIDE\plugins\com.st.stm32cube.common.mx_6.10.0.202311202037\\db\/plugins/mcufinder/images/
2024-02-22 08:49:58,844 [WARN] DbFile:41 - Overriding database path with different value: C:\Users\mecat\.stmcufinder\plugins\mcufinder/ => C:\Users\mecat\.stmcufinder\plugins\mcufinder
2024-02-22 08:49:58,844 [INFO] ApiDb:250 - Set database path to: C:\Users\mecat\.stmcufinder\plugins\mcufinder//mcu/
2024-02-22 08:49:58,844 [WARN] DbFile:41 - Overriding database path with different value: C:\Users\mecat\.stmcufinder\plugins\mcufinder/ => C:\Users\mecat\.stmcufinder\plugins\mcufinder
2024-02-22 08:49:58,844 [INFO] DbMcusAds:125 - Set database path to: C:\Users\mecat\.stmcufinder\plugins\mcufinder//mcu/
2024-02-22 08:49:58,844 [WARN] DbFile:41 - Overriding database path with different value: C:\Users\mecat\.stmcufinder\plugins\mcufinder/ => C:\Users\mecat\.stmcufinder\plugins\mcufinder
2024-02-22 08:49:58,844 [WARN] DbFile:41 - Overriding database path with different value: C:\Users\mecat\.stmcufinder\plugins\mcufinder/ => C:\Users\mecat\.stmcufinder\plugins\mcufinder
2024-02-22 08:49:58,845 [INFO] CrossReferenceDbSqlite:203 - Set database path to: C:\Users\mecat\.stmcufinder\plugins\mcufinder//mcu/cs/
2024-02-22 08:49:58,919 [INFO] MainPanel:264 - HeapMemory: 268435456
2024-02-22 08:49:58,986 [INFO] DbMcusXml:78 - Set database path to: C:\ST\STM32CubeIDE_1.14.1\STM32CubeIDE\plugins\com.st.stm32cube.common.mx_6.10.0.202311202037\\db\/mcu/
2024-02-22 08:49:58,986 [INFO] ApiDb:274 - Set plugin database path to: C:\ST\STM32CubeIDE_1.14.1\STM32CubeIDE\plugins\com.st.stm32cube.common.mx_6.10.0.202311202037\\db\/plugins/boardmanager/
2024-02-22 08:49:58,987 [INFO] ApiDb:261 - Set plugin images path to: C:\ST\STM32CubeIDE_1.14.1\STM32CubeIDE\plugins\com.st.stm32cube.common.mx_6.10.0.202311202037\\db\/plugins/mcufinder/images/
2024-02-22 08:49:58,987 [WARN] DbFile:41 - Overriding database path with different value: C:\Users\mecat\.stmcufinder\plugins\mcufinder/ => C:\Users\mecat\.stmcufinder\plugins\mcufinder
2024-02-22 08:49:58,987 [INFO] ApiDb:250 - Set database path to: C:\Users\mecat\.stmcufinder\plugins\mcufinder//mcu/
2024-02-22 08:49:58,987 [WARN] DbFile:41 - Overriding database path with different value: C:\Users\mecat\.stmcufinder\plugins\mcufinder/ => C:\Users\mecat\.stmcufinder\plugins\mcufinder
2024-02-22 08:49:58,987 [INFO] DbMcusAds:125 - Set database path to: C:\Users\mecat\.stmcufinder\plugins\mcufinder//mcu/
2024-02-22 08:49:58,987 [WARN] DbFile:41 - Overriding database path with different value: C:\Users\mecat\.stmcufinder\plugins\mcufinder/ => C:\Users\mecat\.stmcufinder\plugins\mcufinder
2024-02-22 08:49:58,988 [WARN] DbFile:41 - Overriding database path with different value: C:\Users\mecat\.stmcufinder\plugins\mcufinder/ => C:\Users\mecat\.stmcufinder\plugins\mcufinder
2024-02-22 08:49:58,988 [INFO] CrossReferenceDbSqlite:203 - Set database path to: C:\Users\mecat\.stmcufinder\plugins\mcufinder//mcu/cs/
2024-02-22 08:49:59,012 [INFO] ApplicationProperties:184 - Using Application install path: C:\ST\STM32CubeIDE_1.14.1\STM32CubeIDE\plugins\com.st.stm32cube.common.mx_6.10.0.202311202037
2024-02-22 08:49:59,013 [INFO] PluginManage:196 - Search for loadable plugins [exclusion list=, ]
2024-02-22 08:49:59,014 [INFO] PluginManage:310 - Check plugin analytics
2024-02-22 08:49:59,219 [INFO] AnalyticsPlugin:253 - Accepted Software Licenses: 
2024-02-22 08:49:59,219 [INFO] AnalyticsPlugin:255 - Accepted CMSIS Pack Licenses: 
2024-02-22 08:49:59,219 [INFO] AnalyticsPlugin:257 - Accepted Firmware Licenses: 
2024-02-22 08:49:59,223 [INFO] PluginManage:359 - Loaded plugin analytics (category:tool,tabindex:-1)
2024-02-22 08:49:59,223 [INFO] PluginManage:310 - Check plugin cadmodel
2024-02-22 08:49:59,228 [INFO] CADModel:105 - Init CAD model plugin
2024-02-22 08:49:59,228 [INFO] PluginManage:359 - Loaded plugin cadmodel (category:power,tabindex:5)
2024-02-22 08:49:59,229 [INFO] PluginManage:310 - Check plugin clock
2024-02-22 08:49:59,241 [INFO] PluginManage:359 - Loaded plugin clock (category:base,tabindex:2)
2024-02-22 08:49:59,241 [INFO] PluginManage:310 - Check plugin ddr
2024-02-22 08:49:59,244 [INFO] PluginManage:359 - Loaded plugin ddr (category:tool,tabindex:6)
2024-02-22 08:49:59,244 [INFO] PluginManage:310 - Check plugin filemanager
2024-02-22 08:49:59,422 [INFO] PluginManage:359 - Loaded plugin filemanager (category:base,tabindex:10)
2024-02-22 08:49:59,422 [INFO] PluginManage:310 - Check plugin ipmanager
2024-02-22 08:49:59,433 [INFO] PluginManage:359 - Loaded plugin ipmanager (category:base,tabindex:5)
2024-02-22 08:49:59,434 [INFO] PluginManage:310 - Check plugin lpbam
2024-02-22 08:49:59,446 [INFO] PluginManage:359 - Loaded plugin lpbam (category:base,tabindex:0)
2024-02-22 08:49:59,446 [INFO] PluginManage:310 - Check plugin memorymap
2024-02-22 08:49:59,479 [INFO] PluginManage:359 - Loaded plugin memorymap (category:base,tabindex:4)
2024-02-22 08:49:59,480 [INFO] PluginManage:310 - Check plugin pinoutandconfiguration
2024-02-22 08:49:59,496 [INFO] PluginManage:359 - Loaded plugin pinoutandconfiguration (category:base,tabindex:1)
2024-02-22 08:49:59,496 [INFO] PluginManage:310 - Check plugin pinoutconfig
2024-02-22 08:49:59,589 [WARN] SupportedApi:132 - Cannot load RTOS API schema: s4s-elt-must-match.1: The content of 'definitions' must match (annotation?, (simpleType | complexType)?, (unique | key | keyref)*)). A problem was found starting at: attribute.
2024-02-22 08:49:59,717 [INFO] PluginManage:359 - Loaded plugin pinoutconfig (category:base,tabindex:0)
2024-02-22 08:49:59,718 [INFO] PluginManage:310 - Check plugin power
2024-02-22 08:49:59,725 [INFO] PluginManage:359 - Loaded plugin power (category:power,tabindex:4)
2024-02-22 08:49:59,725 [INFO] PluginManage:310 - Check plugin projectmanager
2024-02-22 08:49:59,742 [INFO] PluginManage:359 - Loaded plugin projectmanager (category:projectmanager,tabindex:3)
2024-02-22 08:49:59,742 [INFO] PluginManage:310 - Check plugin thirdparty
2024-02-22 08:49:59,866 [INFO] PluginManage:359 - Loaded plugin thirdparty (category:base,tabindex:-1)
2024-02-22 08:49:59,866 [WARN] IntegrityCheckThread:84 - waiting for thirdparty lock release [integrity check]
2024-02-22 08:49:59,867 [INFO] PluginManage:310 - Check plugin tools
2024-02-22 08:49:59,867 [INFO] IntegrityCheckThread:86 - entering critical section [integrity check]
2024-02-22 08:49:59,867 [INFO] ThirdPartyUpdaterWithRetryManager:70 - Updater plugin not ready yet. [1/15]
2024-02-22 08:49:59,870 [INFO] PluginManage:359 - Loaded plugin tools (category:base,tabindex:7)
2024-02-22 08:49:59,871 [INFO] PluginManage:310 - Check plugin tutovideos
2024-02-22 08:50:00,019 [INFO] PluginManage:359 - Loaded plugin tutovideos (category:base,tabindex:-1)
2024-02-22 08:50:00,019 [INFO] PluginManage:310 - Check plugin updater
2024-02-22 08:50:00,030 [INFO] PluginManage:359 - Loaded plugin updater (category:base,tabindex:12)
2024-02-22 08:50:00,030 [INFO] PluginManage:310 - Check plugin userauth
2024-02-22 08:50:00,035 [INFO] UserAuth:114 - Init User Auth plugin
2024-02-22 08:50:00,035 [INFO] PluginManage:359 - Loaded plugin userauth (category:base,tabindex:14)
2024-02-22 08:50:00,036 [INFO] PluginManage:283 - PluginManage : Loaded plugins [17]
2024-02-22 08:50:00,241 [INFO] PinOutPanel:1499 - setPackage(No Configuration,No Configuration)
2024-02-22 08:50:00,308 [INFO] CADModel:165 - CPN selected for project level
2024-02-22 08:50:00,308 [INFO] CADModel:114 - Register for checkConnection events
2024-02-22 08:50:00,319 [INFO] IPUIPlugin:80 - create IPUIPlugin
2024-02-22 08:50:00,320 [INFO] PluginManager:220 - loadIPPluginJar : add adc
2024-02-22 08:50:00,321 [INFO] IPUIPlugin:80 - create IPUIPlugin
2024-02-22 08:50:00,322 [INFO] PluginManager:220 - loadIPPluginJar : add aes
2024-02-22 08:50:00,324 [INFO] IPUIPlugin:80 - create IPUIPlugin
2024-02-22 08:50:00,324 [INFO] PluginManager:220 - loadIPPluginJar : add can
2024-02-22 08:50:00,325 [INFO] IPUIPlugin:80 - create IPUIPlugin
2024-02-22 08:50:00,325 [INFO] PluginManager:220 - loadIPPluginJar : add comp
2024-02-22 08:50:00,327 [INFO] IPUIPlugin:80 - create IPUIPlugin
2024-02-22 08:50:00,327 [INFO] PluginManager:220 - loadIPPluginJar : add cryp
2024-02-22 08:50:00,330 [INFO] IPUIPlugin:80 - create IPUIPlugin
2024-02-22 08:50:00,330 [INFO] PluginManager:220 - loadIPPluginJar : add dfsdm
2024-02-22 08:50:00,334 [INFO] IPUIPlugin:80 - create IPUIPlugin
2024-02-22 08:50:00,335 [INFO] PluginManager:220 - loadIPPluginJar : add dma
2024-02-22 08:50:00,339 [INFO] IPUIPlugin:80 - create IPUIPlugin
2024-02-22 08:50:00,339 [INFO] PluginManager:220 - loadIPPluginJar : add dma3
2024-02-22 08:50:00,340 [INFO] IPUIPlugin:80 - create IPUIPlugin
2024-02-22 08:50:00,340 [INFO] PluginManager:220 - loadIPPluginJar : add fatfs
2024-02-22 08:50:00,344 [INFO] IPUIPlugin:80 - create IPUIPlugin
2024-02-22 08:50:00,344 [INFO] PluginManager:220 - loadIPPluginJar : add fmc
2024-02-22 08:50:00,348 [INFO] IPUIPlugin:80 - create IPUIPlugin
2024-02-22 08:50:00,348 [INFO] PluginManager:220 - loadIPPluginJar : add freertos
2024-02-22 08:50:00,351 [INFO] IPUIPlugin:80 - create IPUIPlugin
2024-02-22 08:50:00,351 [INFO] PluginManager:220 - loadIPPluginJar : add genericplugin
2024-02-22 08:50:00,353 [INFO] IPUIPlugin:80 - create IPUIPlugin
2024-02-22 08:50:00,353 [INFO] PluginManager:220 - loadIPPluginJar : add gfxmmu
2024-02-22 08:50:00,356 [INFO] IPUIPlugin:80 - create IPUIPlugin
2024-02-22 08:50:00,357 [INFO] PluginManager:220 - loadIPPluginJar : add gic
2024-02-22 08:50:00,360 [INFO] IPUIPlugin:80 - create IPUIPlugin
2024-02-22 08:50:00,360 [INFO] PluginManager:220 - loadIPPluginJar : add gpio
2024-02-22 08:50:00,362 [INFO] IPUIPlugin:80 - create IPUIPlugin
2024-02-22 08:50:00,362 [INFO] PluginManager:220 - loadIPPluginJar : add gtzc
2024-02-22 08:50:00,364 [INFO] IPUIPlugin:80 - create IPUIPlugin
2024-02-22 08:50:00,365 [INFO] PluginManager:220 - loadIPPluginJar : add hash
2024-02-22 08:50:00,368 [INFO] IPUIPlugin:80 - create IPUIPlugin
2024-02-22 08:50:00,368 [INFO] PluginManager:220 - loadIPPluginJar : add i2c
2024-02-22 08:50:00,371 [INFO] IPUIPlugin:80 - create IPUIPlugin
2024-02-22 08:50:00,371 [INFO] PluginManager:220 - loadIPPluginJar : add i2s
2024-02-22 08:50:00,373 [INFO] IPUIPlugin:80 - create IPUIPlugin
2024-02-22 08:50:00,374 [INFO] PluginManager:220 - loadIPPluginJar : add i3c
2024-02-22 08:50:00,378 [INFO] IPUIPlugin:80 - create IPUIPlugin
2024-02-22 08:50:00,378 [INFO] PluginManager:220 - loadIPPluginJar : add ipddr
2024-02-22 08:50:00,384 [INFO] IPUIPlugin:80 - create IPUIPlugin
2024-02-22 08:50:00,384 [INFO] PluginManager:220 - loadIPPluginJar : add linkedlist
2024-02-22 08:50:00,387 [INFO] IPUIPlugin:80 - create IPUIPlugin
2024-02-22 08:50:00,387 [INFO] PluginManager:220 - loadIPPluginJar : add lorawan
2024-02-22 08:50:00,388 [INFO] IPUIPlugin:80 - create IPUIPlugin
2024-02-22 08:50:00,389 [INFO] PluginManager:220 - loadIPPluginJar : add ltdc
2024-02-22 08:50:00,393 [INFO] IPUIPlugin:80 - create IPUIPlugin
2024-02-22 08:50:00,394 [INFO] PluginManager:220 - loadIPPluginJar : add mdma
2024-02-22 08:50:00,398 [INFO] IPUIPlugin:80 - create IPUIPlugin
2024-02-22 08:50:00,398 [INFO] PluginManager:220 - loadIPPluginJar : add nvic
2024-02-22 08:50:00,401 [INFO] IPUIPlugin:80 - create IPUIPlugin
2024-02-22 08:50:00,401 [INFO] PluginManager:220 - loadIPPluginJar : add opamp
2024-02-22 08:50:00,403 [INFO] IPUIPlugin:80 - create IPUIPlugin
2024-02-22 08:50:00,403 [INFO] PluginManager:220 - loadIPPluginJar : add openamp
2024-02-22 08:50:00,406 [INFO] IPUIPlugin:80 - create IPUIPlugin
2024-02-22 08:50:00,406 [INFO] PluginManager:220 - loadIPPluginJar : add pdm2pcm
2024-02-22 08:50:00,412 [INFO] IPUIPlugin:80 - create IPUIPlugin
2024-02-22 08:50:00,415 [INFO] PluginManager:220 - loadIPPluginJar : add plateformsettings
2024-02-22 08:50:00,416 [INFO] IPUIPlugin:80 - create IPUIPlugin
2024-02-22 08:50:00,417 [INFO] PluginManager:220 - loadIPPluginJar : add quadspi
2024-02-22 08:50:00,420 [INFO] IPUIPlugin:80 - create IPUIPlugin
2024-02-22 08:50:00,420 [INFO] PluginManager:220 - loadIPPluginJar : add resmgrutility
2024-02-22 08:50:00,424 [INFO] IPUIPlugin:80 - create IPUIPlugin
2024-02-22 08:50:00,424 [INFO] PluginManager:220 - loadIPPluginJar : add sai
2024-02-22 08:50:00,426 [INFO] IPUIPlugin:80 - create IPUIPlugin
2024-02-22 08:50:00,426 [INFO] PluginManager:220 - loadIPPluginJar : add spi
2024-02-22 08:50:00,431 [INFO] IPUIPlugin:80 - create IPUIPlugin
2024-02-22 08:50:00,431 [INFO] PluginManager:220 - loadIPPluginJar : add stm32_wpan
2024-02-22 08:50:00,433 [INFO] IPUIPlugin:80 - create IPUIPlugin
2024-02-22 08:50:00,433 [INFO] PluginManager:220 - loadIPPluginJar : add tim
2024-02-22 08:50:00,436 [INFO] IPUIPlugin:80 - create IPUIPlugin
2024-02-22 08:50:00,436 [INFO] PluginManager:220 - loadIPPluginJar : add touchsensing
2024-02-22 08:50:00,438 [INFO] IPUIPlugin:80 - create IPUIPlugin
2024-02-22 08:50:00,438 [INFO] PluginManager:220 - loadIPPluginJar : add tracer_emb
2024-02-22 08:50:00,441 [INFO] IPUIPlugin:80 - create IPUIPlugin
2024-02-22 08:50:00,441 [INFO] PluginManager:220 - loadIPPluginJar : add ts
2024-02-22 08:50:00,442 [INFO] IPUIPlugin:80 - create IPUIPlugin
2024-02-22 08:50:00,442 [INFO] PluginManager:220 - loadIPPluginJar : add tsc
2024-02-22 08:50:00,443 [INFO] IPUIPlugin:80 - create IPUIPlugin
2024-02-22 08:50:00,443 [INFO] PluginManager:220 - loadIPPluginJar : add ucpd
2024-02-22 08:50:00,445 [INFO] IPUIPlugin:80 - create IPUIPlugin
2024-02-22 08:50:00,446 [INFO] PluginManager:220 - loadIPPluginJar : add usart
2024-02-22 08:50:00,448 [INFO] IPUIPlugin:80 - create IPUIPlugin
2024-02-22 08:50:00,448 [INFO] PluginManager:220 - loadIPPluginJar : add usbx
2024-02-22 08:50:00,583 [INFO] CADModel:165 - CPN selected for project level
2024-02-22 08:50:00,583 [INFO] CADModel:114 - Register for checkConnection events
2024-02-22 08:50:00,585 [FATAL] Updater:308 - Updater called before beeing initialized
2024-02-22 08:50:00,585 [ERROR] CADModel:125 - Updater not yet initialized, retry later 
2024-02-22 08:50:00,782 [INFO] CADModel:165 - CPN selected for project level
2024-02-22 08:50:00,782 [INFO] CADModel:114 - Register for checkConnection events
2024-02-22 08:50:00,782 [FATAL] Updater:308 - Updater called before beeing initialized
2024-02-22 08:50:00,782 [ERROR] CADModel:125 - Updater not yet initialized, retry later 
2024-02-22 08:50:00,785 [FATAL] Updater:308 - Updater called before beeing initialized
2024-02-22 08:50:00,900 [FATAL] Updater:308 - Updater called before beeing initialized
2024-02-22 08:50:00,905 [INFO] DbMcusAds:53 - JSON generation date=Thu Sep 30 02:55:09 AST 2021 (1632984909247)
2024-02-22 08:50:00,905 [FATAL] Updater:308 - Updater called before beeing initialized
2024-02-22 08:50:00,938 [WARN] DetailPanel:346 - Failed to get advertising image, set to default
2024-02-22 08:50:01,038 [FATAL] Updater:308 - Updater called before beeing initialized
2024-02-22 08:50:01,040 [FATAL] Updater:308 - Updater called before beeing initialized
2024-02-22 08:50:01,040 [FATAL] Updater:308 - Updater called before beeing initialized
2024-02-22 08:50:01,040 [WARN] DetailPanel:346 - Failed to get advertising image, set to default
2024-02-22 08:50:01,041 [FATAL] Updater:308 - Updater called before beeing initialized
2024-02-22 08:50:01,092 [ERROR] Updater:1120 - MainUpdater not yet initialized. External WinMGr cannot be set.
2024-02-22 08:50:01,094 [INFO] Updater:1056 - Updater Version found : 6.10.0
2024-02-22 08:50:01,115 [INFO] ApplicationProperties:184 - Using Application install path: C:\ST\STM32CubeIDE_1.14.1\STM32CubeIDE\plugins\com.st.stm32cube.common.mx_6.10.0.202311202037
2024-02-22 08:50:02,687 [ERROR] LogOutputStream:75 - [STDERR_REDIRECT] Feb 22, 2024 8:50:02 AM java.util.prefs.WindowsPreferences <init>
2024-02-22 08:50:02,689 [ERROR] LogOutputStream:75 - [STDERR_REDIRECT] WARNING: Could not open/create prefs root node Software\JavaSoft\Prefs at root 0xffffffff80000002. Windows RegCreateKeyEx(...) returned error code 5.
2024-02-22 08:50:02,690 [ERROR] LogOutputStream:75 - [STDERR_REDIRECT] 
2024-02-22 08:50:02,730 [INFO] MainUpdater:526 - Copy updater definitions from MX database
2024-02-22 08:50:02,783 [INFO] MainUpdater:559 - Copy flag file definitions from MX database
2024-02-22 08:50:02,785 [INFO] MainUpdater:575 - Copy thirdparty index definitions from MX database
2024-02-22 08:50:02,786 [INFO] MainUpdater:594 - Copy default thirdparty db definitions from MX database
2024-02-22 08:50:02,868 [INFO] ThirdPartyUpdaterWithRetryManager:70 - Updater plugin not ready yet. [2/15]
2024-02-22 08:50:03,105 [INFO] MainUpdater:2873 - connection check result : 10
2024-02-22 08:50:03,106 [INFO] MainUpdater:3567 - Updater definition file requires update
2024-02-22 08:50:03,107 [INFO] MainUpdater:290 - Updater Check For Update Now.
2024-02-22 08:50:03,108 [INFO] MicroXplorer:498 - Change Database Version : DB.6.0.100
2024-02-22 08:50:03,116 [INFO] McuFinderGlobals:63 - Set McuFinder mode to 2 (CubeIDE integrated)
2024-02-22 08:50:03,117 [INFO] UserAuth:180 - activating auth plugin
2024-02-22 08:50:03,119 [INFO] UserAuth:404 - Internet connection configuration mode: 1
2024-02-22 08:50:03,130 [INFO] JxBrowserEngine:152 - Initiate JxBrowser Engine with user profile folder
2024-02-22 08:50:03,230 [INFO] ServerAccessManage:473 - Download File updaters.zip
2024-02-22 08:50:03,470 [INFO] FileExtend:240 - Unzip File : updaters.zip
2024-02-22 08:50:03,470 [INFO] FileExtend:255 - Standard Zip Deflate
2024-02-22 08:50:04,088 [INFO] ServerAccessManage:473 - Download File PacksControlFlags.xml
2024-02-22 08:50:04,320 [INFO] ServerAccessManage:473 - Download File cubemx.pidx
2024-02-22 08:50:05,183 [INFO] ServerAccessManage:473 - Download File STMicroelectronics.FP-ATR-ASTRA1.pdsc
2024-02-22 08:50:05,870 [WARN] MainUpdater:1194 - Updater busy. Cannot search thirdparties
2024-02-22 08:50:05,870 [INFO] ThirdPartyUpdaterWithRetryManager:96 - Updater plugin is busy. [1/15]
2024-02-22 08:50:06,523 [INFO] McuFinderGlobals:63 - Set McuFinder mode to 2 (CubeIDE integrated)
2024-02-22 08:50:08,014 [INFO] ServerAccessManage:473 - Download File STMicroelectronics.FP-ATR-SIGFOX1.pdsc
2024-02-22 08:50:08,872 [WARN] MainUpdater:1194 - Updater busy. Cannot search thirdparties
2024-02-22 08:50:08,872 [INFO] ThirdPartyUpdaterWithRetryManager:96 - Updater plugin is busy. [2/15]
2024-02-22 08:50:09,384 [INFO] ServerAccessManage:473 - Download File STMicroelectronics.FP-SNS-FLIGHT1.pdsc
2024-02-22 08:50:09,721 [INFO] WebApp:161 - Instantiating new browser for Auth
2024-02-22 08:50:10,260 [INFO] WebApp:780 - Register for checkConnection events
2024-02-22 08:50:10,260 [INFO] WebApp:414 - Apply proxy settings
2024-02-22 08:50:10,261 [INFO] WebApp:499 - Chromium requires no authentication
2024-02-22 08:50:10,266 [INFO] WebApp:442 - Direct internet connection detected
2024-02-22 08:50:10,412 [INFO] WebApp:192 - Starting web application
2024-02-22 08:50:10,413 [INFO] WebApp:544 - Web application path used C:\ST\STM32CubeIDE_1.14.1\STM32CubeIDE\plugins\com.st.stm32cube.common.mx_6.10.0.202311202037\db\plugins\mcufinder\reactClient1\index.html
2024-02-22 08:50:11,873 [WARN] MainUpdater:1194 - Updater busy. Cannot search thirdparties
2024-02-22 08:50:11,873 [INFO] ThirdPartyUpdaterWithRetryManager:96 - Updater plugin is busy. [3/15]
2024-02-22 08:50:11,892 [INFO] ServerAccessManage:473 - Download File STMicroelectronics.FP-SNS-MOTENV1.pdsc
2024-02-22 08:50:14,876 [WARN] MainUpdater:1194 - Updater busy. Cannot search thirdparties
2024-02-22 08:50:14,876 [INFO] ThirdPartyUpdaterWithRetryManager:96 - Updater plugin is busy. [4/15]
2024-02-22 08:50:15,954 [INFO] ServerAccessManage:473 - Download File STMicroelectronics.FP-SNS-MOTENVWB1.pdsc
2024-02-22 08:50:17,869 [INFO] ServerAccessManage:473 - Download File STMicroelectronics.FP-SNS-SMARTAG2.pdsc
2024-02-22 08:50:17,879 [WARN] MainUpdater:1194 - Updater busy. Cannot search thirdparties
2024-02-22 08:50:17,879 [INFO] ThirdPartyUpdaterWithRetryManager:96 - Updater plugin is busy. [5/15]
2024-02-22 08:50:19,257 [INFO] ServerAccessManage:473 - Download File STMicroelectronics.X-CUBE-AI.pdsc
2024-02-22 08:50:20,881 [WARN] MainUpdater:1194 - Updater busy. Cannot search thirdparties
2024-02-22 08:50:20,881 [INFO] ThirdPartyUpdaterWithRetryManager:96 - Updater plugin is busy. [6/15]
2024-02-22 08:50:23,883 [WARN] MainUpdater:1194 - Updater busy. Cannot search thirdparties
2024-02-22 08:50:23,883 [INFO] ThirdPartyUpdaterWithRetryManager:96 - Updater plugin is busy. [7/15]
2024-02-22 08:50:26,591 [INFO] MainUpdater:2873 - connection check result : 10
2024-02-22 08:50:26,886 [WARN] MainUpdater:1194 - Updater busy. Cannot search thirdparties
2024-02-22 08:50:26,886 [INFO] ThirdPartyUpdaterWithRetryManager:96 - Updater plugin is busy. [8/15]
2024-02-22 08:50:28,546 [INFO] ServerAccessManage:473 - Download File STMicroelectronics.X-CUBE-ALS.pdsc
2024-02-22 08:50:29,886 [WARN] MainUpdater:1194 - Updater busy. Cannot search thirdparties
2024-02-22 08:50:29,886 [INFO] ThirdPartyUpdaterWithRetryManager:96 - Updater plugin is busy. [9/15]
2024-02-22 08:50:30,000 [INFO] ServerAccessManage:473 - Download File STMicroelectronics.X-CUBE-BLE1.pdsc
2024-02-22 08:50:31,306 [ERROR] LogOutputStream:75 - [STDERR_REDIRECT] SLF4J: Failed to load class "org.slf4j.impl.StaticLoggerBinder".
2024-02-22 08:50:31,307 [ERROR] LogOutputStream:75 - [STDERR_REDIRECT] SLF4J: Defaulting to no-operation (NOP) logger implementation
2024-02-22 08:50:31,309 [ERROR] LogOutputStream:75 - [STDERR_REDIRECT] SLF4J: See http://www.slf4j.org/codes.html#StaticLoggerBinder for further details.
2024-02-22 08:50:32,889 [WARN] MainUpdater:1194 - Updater busy. Cannot search thirdparties
2024-02-22 08:50:32,889 [INFO] ThirdPartyUpdaterWithRetryManager:96 - Updater plugin is busy. [10/15]
2024-02-22 08:50:35,890 [WARN] MainUpdater:1194 - Updater busy. Cannot search thirdparties
2024-02-22 08:50:35,890 [INFO] ThirdPartyUpdaterWithRetryManager:96 - Updater plugin is busy. [11/15]
2024-02-22 08:50:37,612 [ERROR] ServerAccessManage:1089 - Problem, file not found on Server
2024-02-22 08:50:38,325 [INFO] ServerAccessManage:473 - Download File STMicroelectronics.X-CUBE-BLE2.pdsc
2024-02-22 08:50:38,891 [WARN] MainUpdater:1194 - Updater busy. Cannot search thirdparties
2024-02-22 08:50:38,891 [INFO] ThirdPartyUpdaterWithRetryManager:96 - Updater plugin is busy. [12/15]
2024-02-22 08:50:41,892 [WARN] MainUpdater:1194 - Updater busy. Cannot search thirdparties
2024-02-22 08:50:41,892 [INFO] ThirdPartyUpdaterWithRetryManager:96 - Updater plugin is busy. [13/15]
2024-02-22 08:50:42,402 [INFO] ServerAccessManage:473 - Download File STMicroelectronics.X-CUBE-BLEMGR.pdsc
2024-02-22 08:50:44,893 [WARN] MainUpdater:1194 - Updater busy. Cannot search thirdparties
2024-02-22 08:50:44,893 [INFO] ThirdPartyUpdaterWithRetryManager:96 - Updater plugin is busy. [14/15]
2024-02-22 08:50:46,821 [INFO] ServerAccessManage:473 - Download File STMicroelectronics.X-CUBE-DISPLAY.pdsc
2024-02-22 08:50:47,896 [WARN] MainUpdater:1194 - Updater busy. Cannot search thirdparties
2024-02-22 08:50:47,897 [INFO] ThirdPartyUpdaterWithRetryManager:96 - Updater plugin is busy. [15/15]
2024-02-22 08:50:47,898 [ERROR] IntegrityCheckThread:130 - Cannot retrieve database content from updater: error -1
2024-02-22 08:50:47,899 [INFO] ThirdParty:978 - Integrity check success = false
2024-02-22 08:50:47,899 [INFO] IntegrityCheckThread:100 - exiting critical section [integrity check]
2024-02-22 08:50:47,899 [INFO] IntegrityCheckThread:103 - End integrity checks thread
2024-02-22 08:50:50,631 [INFO] ServerAccessManage:473 - Download File STMicroelectronics.X-CUBE-EEPRMA1.pdsc
2024-02-22 08:50:51,767 [ERROR] ServerAccessManage:1089 - Problem, file not found on Server
2024-02-22 08:50:53,443 [ERROR] ServerAccessManage:1089 - Problem, file not found on Server
2024-02-22 08:50:57,094 [INFO] ServerAccessManage:473 - Download File STMicroelectronics.X-CUBE-FREERTOS.pdsc
2024-02-22 08:50:59,527 [INFO] ServerAccessManage:473 - Download File STMicroelectronics.X-CUBE-GNSS1.pdsc
2024-02-22 08:51:05,487 [ERROR] ServerAccessManage:1089 - Problem, file not found on Server
2024-02-22 08:51:06,063 [ERROR] ServerAccessManage:1089 - Problem, file not found on Server
2024-02-22 08:51:06,407 [INFO] MainUpdater:2873 - connection check result : 10
2024-02-22 08:51:06,713 [ERROR] ServerAccessManage:1089 - Problem, file not found on Server
2024-02-22 08:51:07,321 [ERROR] ServerAccessManage:1089 - Problem, file not found on Server
2024-02-22 08:51:07,898 [ERROR] ServerAccessManage:1089 - Problem, file not found on Server
2024-02-22 08:51:08,437 [ERROR] ServerAccessManage:1089 - Problem, file not found on Server
2024-02-22 08:51:08,608 [INFO] ServerAccessManage:473 - Download File STMicroelectronics.X-CUBE-ISPU.pdsc
2024-02-22 08:51:11,109 [INFO] ServerAccessManage:473 - Download File STMicroelectronics.X-CUBE-MEMS1.pdsc
2024-02-22 08:51:24,802 [INFO] ServerAccessManage:473 - Download File STMicroelectronics.X-CUBE-NFC4.pdsc
2024-02-22 08:51:26,780 [INFO] ApiDb:581 - Connected to CubeFinder SQLite database (C:\Users\mecat\.stmcufinder\plugins\mcufinder\mcu\cube-finder-db.db)
2024-02-22 08:51:26,907 [INFO] ApiDb:668 - CubeFinder database Data Model version=2.1
2024-02-22 08:51:26,907 [INFO] ApiDb:669 - CubeFinder database Configuration version=3.0.39
2024-02-22 08:51:26,908 [INFO] ApiDb:670 - CubeFinder database generation date=2023-11-06 (1699269565)
2024-02-22 08:51:26,908 [INFO] ApiDb:671 - CubeFinder database FW Pack versions=[FP-ATR-ASTRA1_V2.0.0, FP-SNS-FLIGHT1_V5.0.1, FP-SNS-FLIGHT1_V5.0.2, FP-SNS-MOTENV1_V4.3.1, FP-SNS-MOTENV1_V4.3.2, FP-SNS-MOTENVWB1_V1.3.0, FP-SNS-SMARTAG2_V1.2.0, STM32Cube_FW_C0_V1.1.0, STM32Cube_FW_F4_V1.28.0, STM32Cube_FW_F7_V1.17.0, STM32Cube_FW_G0_V1.6.1, STM32Cube_FW_G4_V1.5.1, STM32Cube_FW_H5_V0.5.1, STM32Cube_FW_H5_V1.1.1, STM32Cube_FW_H5_V1.2.0RC2, STM32Cube_FW_H7_V1.11.0, STM32Cube_FW_L0_V1.12.2, STM32Cube_FW_L5_V1.5.0, STM32Cube_FW_U5_V1.3.0RC4, STM32Cube_FW_U5_V1.4.0, STM32Cube_FW_WBA_V1.0.0RC1, STM32Cube_FW_WBA_V1.1.0RC1, STM32Cube_FW_WBA_V1.2.0, STM32Cube_FW_WBA_V1.2.0RC2, STM32Cube_FW_WB_V1.15.0RC1, STM32Cube_FW_WB_V1.16.0, STM32Cube_FW_WB_V1.16.0RC2, STM32Cube_FW_WB_V1.18.0, STM32Cube_FW_WL_V1.3.0, X-CUBE-ALGOBUILD_V1.3.0, X-CUBE-ALS_V1.0.1, X-CUBE-AZRTOS-F4_V1.1.0, X-CUBE-AZRTOS-F7_V1.1.0, X-CUBE-AZRTOS-G0_V1.1.0, X-CUBE-AZRTOS-G4_V2.0.0, X-CUBE-AZRTOS-H7_V3.1.0, X-CUBE-AZRTOS-L4_V1.0.0, X-CUBE-AZRTOS-L4_V2.0.0, X-CUBE-AZRTOS-L5_V1.1.0, X-CUBE-AZRTOS-WB_V2.0.0, X-CUBE-AZRTOS-WL_V2.0.0, X-CUBE-BLE1_V7.0.0, X-CUBE-BLE2_V3.3.0, X-CUBE-BLEMGR_V2.0.0, X-CUBE-EEPRMA1_V4.1.0, X-CUBE-EEPRMA1_V4.2.0, X-CUBE-FREERTOS_V1.1.0, X-CUBE-GNSS1_V6.0.0, X-CUBE-MEMS1_V10.0.0, X-CUBE-MEMS1_V9.1.0, X-CUBE-MEMS1_V9.4.0, X-CUBE-MEMS1_V9.6.0, X-CUBE-NFC4_V3.0.0, X-CUBE-NFC7_V1.0.1, X-CUBE-SFXS2LP1_V4.0.0, X-CUBE-SUBG2_V5.0.0, X-CUBE-TOF1_V3.3.1]
2024-02-22 08:51:27,004 [INFO] DbBoardsSqlite:226 - include board P-NUCLEO-WB55-NUCLEO as a kit item of type 'Nucleo-64'
2024-02-22 08:51:27,004 [INFO] DbBoardsSqlite:226 - include board P-NUCLEO-WB55-USBDONGLE as a kit item of type 'Nucleo USB Dongle'
2024-02-22 08:51:27,005 [INFO] DbBoardsSqlite:226 - include board STEVAL-IDP005V1 as a kit item of type 'Evaluation Board'
2024-02-22 08:51:27,005 [INFO] DbBoardsSqlite:226 - include board STEVAL-IDP005V2 as a kit item of type 'Evaluation Board'
2024-02-22 08:51:27,081 [INFO] ApiDb:240 - Found 371 in-development CPN: [B-G473E-ZEST1S, B-WB1M-WPAN1, B-WL5M-SUBG1, NUCLEO-C031C6, NUCLEO-H503RB, NUCLEO-H563ZI, NUCLEO-U545RE-Q, NUCLEO-U5A5ZJ-Q, NUCLEO-WBA52CG, NUCLEO-WBA55CG, STEVAL-MKBOXPRO, STEVAL-PROTEUS1, STEVAL-STWINBX1, STM320518-EVAL, STM32C0116-DK, STM32C011D6Y3TR, STM32C011D6Y6TR, STM32C011F4P3, STM32C011F4P6, STM32C011F4U3, STM32C011F4U6TR, STM32C011F6P3, STM32C011F6P6, STM32C011F6U3, STM32C011F6U6TR, STM32C011J4M3, STM32C011J4M6, STM32C011J6M3, STM32C011J6M6, STM32C0316-DK, STM32C031C4T3, STM32C031C4T6, STM32C031C4U3, STM32C031C4U6, STM32C031C6T3, STM32C031C6T6, STM32C031C6U3, STM32C031C6U6, STM32C031F4P3, STM32C031F4P6, STM32C031F6P3, STM32C031F6P6, STM32C031G4U3, STM32C031G4U6, STM32C031G6U3, STM32C031G6U6, STM32C031K4T3, STM32C031K4T6, STM32C031K4U3, STM32C031K4U6, STM32C031K6T3, STM32C031K6T6, STM32C031K6U3, STM32C031K6U6, STM32G071K8TXN, STM32G071K8UXN, STM32G081GBU6N, STM32G081KBT6N, STM32G081KBUXN, STM32G0B1CCT6N, STM32G0B1KCT6, STM32G0B1NEY6TR, STM32G0B1RCT6N, STM32G0C1CCT6, STM32G0C1CCT6N, STM32G0C1CCU6N, STM32G0C1CET6N, STM32G0C1CEU6N, STM32G0C1KCT6, STM32G0C1NEY6TR, STM32G0C1RCI6N, STM32G0C1RCT6N, STM32G0C1REI6N, STM32G0C1RET6N, STM32G0C1VCI6, STM32G0C1VEI6, STM32G471CCT6, STM32G471CCU6, STM32G471CET3, STM32G471CET6, STM32G471CEU3, STM32G471CEU6, STM32G471MCT6, STM32G471MET3, STM32G471MET6, STM32G471MEY6TR, STM32G471QCT6, STM32G471QET3, STM32G471RCT6, STM32G471RET3, STM32G471RET6, STM32G471VCH6, STM32G471VCI6, STM32G471VCT6, STM32G471VEH3, STM32G471VEH6, STM32G471VEI3, STM32G471VEI6, STM32G471VET3, STM32G471VET6, STM32G474CCT6, STM32H503CBT6, STM32H503CBU6, STM32H503EBY6TR, STM32H503KBU6, STM32H503RBT6, STM32H562AGI6, STM32H562AII6, STM32H562IGK6, STM32H562IGT6, STM32H562IIK6, STM32H562IIT6, STM32H562RGT6, STM32H562RGV6, STM32H562RIT6, STM32H562RIV6, STM32H562VGT6, STM32H562VIT6, STM32H562ZGT6, STM32H562ZIT6, STM32H563AGI6, STM32H563AII3Q, STM32H563AII6, STM32H563IGK6, STM32H563IGT6, STM32H563IIK3Q, STM32H563IIK6, STM32H563IIT3Q, STM32H563IIT6, STM32H563MIY3QTR, STM32H563RGT6, STM32H563RGV6, STM32H563RIT6, STM32H563RIV6, STM32H563VGT6, STM32H563VIT3Q, STM32H563VIT6, STM32H563ZGT6, STM32H563ZIT3Q, STM32H563ZIT6, STM32H573AII3Q, STM32H573AII6, STM32H573I-DK, STM32H573IIK3Q, STM32H573IIK6, STM32H573IIT3Q, STM32H573IIT6, STM32H573MIY3QTR, STM32H573RIT6, STM32H573RIV6, STM32H573VIT3Q, STM32H573VIT6, STM32H573ZIT3Q, STM32H573ZIT6, STM32L4R5QGI6STR, STM32MP131AAE3, STM32MP131AAF3, STM32MP131AAG3, STM32MP131CAE3, STM32MP131CAF3, STM32MP131CAG3, STM32MP131DAE7, STM32MP131DAF7, STM32MP131DAG7, STM32MP131FAE7, STM32MP131FAF7, STM32MP131FAG7, STM32MP133AAE3, STM32MP133AAF3, STM32MP133AAG3, STM32MP133CAE3, STM32MP133CAF3, STM32MP133CAG3, STM32MP133DAE7, STM32MP133DAF7, STM32MP133DAG7, STM32MP133FAE7, STM32MP133FAF7, STM32MP133FAG7, STM32MP135AAE3, STM32MP135AAF3, STM32MP135AAG3, STM32MP135CAE3, STM32MP135CAF3, STM32MP135CAG3, STM32MP135DAE7, STM32MP135DAF7, STM32MP135DAG7, STM32MP135F-DK, STM32MP135FAE7, STM32MP135FAF7, STM32MP135FAF7T, STM32MP135FAF7U, STM32MP135FAG7, STM32U535CBT6, STM32U535CBT6Q, STM32U535CBU6, STM32U535CBU6Q, STM32U535CCT6, STM32U535CCT6Q, STM32U535CCU6, STM32U535CCU6Q, STM32U535CET6, STM32U535CET6Q, STM32U535CEU6, STM32U535CEU6Q, STM32U535JEY6QTR, STM32U535NCY6QTR, STM32U535NEY6QTR, STM32U535RBI6, STM32U535RBI6Q, STM32U535RBT6, STM32U535RBT6Q, STM32U535RCI6, STM32U535RCI6Q, STM32U535RCT6, STM32U535RCT6Q, STM32U535REI6, STM32U535REI6Q, STM32U535RET6, STM32U535RET6Q, STM32U535VCI6, STM32U535VCI6Q, STM32U535VCT6, STM32U535VCT6Q, STM32U535VEI6, STM32U535VEI6Q, STM32U535VET6, STM32U535VET6Q, STM32U545CET6, STM32U545CET6Q, STM32U545CEU6, STM32U545CEU6Q, STM32U545JEY6QTR, STM32U545NEY6QTR, STM32U545REI6, STM32U545REI6Q, STM32U545RET6, STM32U545RET6Q, STM32U545VEI6, STM32U545VEI6Q, STM32U545VET6, STM32U545VET6Q, STM32U595AIH6, STM32U595AIH6Q, STM32U595AJH6, STM32U595AJH6Q, STM32U595QII6, STM32U595QII6Q, STM32U595QJI6, STM32U595QJI6Q, STM32U595RIT6, STM32U595RIT6Q, STM32U595RJT6, STM32U595RJT6Q, STM32U595VIT6, STM32U595VIT6Q, STM32U595VJT6, STM32U595VJT6Q, STM32U595ZIT6, STM32U595ZIT6Q, STM32U595ZIY6QTR, STM32U595ZJT6, STM32U595ZJT6Q, STM32U595ZJY6QTR, STM32U599BJY6QTR, STM32U599NIH6Q, STM32U599NJH6Q, STM32U599VIT6Q, STM32U599VJT6, STM32U599VJT6Q, STM32U599ZIT6Q, STM32U599ZIY6QTR, STM32U599ZJT6Q, STM32U599ZJY6QTR, STM32U5A5AJH6, STM32U5A5AJH6Q, STM32U5A5QJI6, STM32U5A5QJI6Q, STM32U5A5RJT6, STM32U5A5RJT6Q, STM32U5A5VJT6, STM32U5A5VJT6Q, STM32U5A5ZJT6, STM32U5A5ZJT6Q, STM32U5A5ZJY6QTR, STM32U5A9BJY6QTR, STM32U5A9J-DK, STM32U5A9NJH6Q, STM32U5A9VJT6Q, STM32U5A9ZJT6Q, STM32U5A9ZJY6QTR, STM32U5F7VIT6, STM32U5F7VIT6Q, STM32U5F7VJT6, STM32U5F7VJT6Q, STM32U5F9BJY6QTR, STM32U5F9NJH6Q, STM32U5F9VIT6Q, STM32U5F9VJT6Q, STM32U5F9ZIJ6QTR, STM32U5F9ZIT6Q, STM32U5F9ZJJ6QTR, STM32U5F9ZJT6Q, STM32U5G7VJT6, STM32U5G7VJT6Q, STM32U5G9BJY6QTR, STM32U5G9J-DK1, STM32U5G9J-DK2, STM32U5G9NJH6Q, STM32U5G9VJT6Q, STM32U5G9ZJJ6QTR, STM32U5G9ZJT6Q, STM32WB1MMCH6, STM32WBA50KEU6, STM32WBA50KEU6TR, STM32WBA50KGU6, STM32WBA50KGU6TR, STM32WBA52CEU6, STM32WBA52CEU6TR, STM32WBA52CEU7, STM32WBA52CEU7TR, STM32WBA52CGU6, STM32WBA52CGU6TR, STM32WBA52CGU6U, STM32WBA52CGU7, STM32WBA52CGU7TR, STM32WBA52KEU6, STM32WBA52KEU6TR, STM32WBA52KGU6, STM32WBA52KGU6TR, STM32WBA54CEU6, STM32WBA54CEU6TR, STM32WBA54CEU7, STM32WBA54CEU7TR, STM32WBA54CGU6, STM32WBA54CGU6TR, STM32WBA54CGU7, STM32WBA54CGU7TR, STM32WBA54KEU6, STM32WBA54KEU6TR, STM32WBA54KEU7, STM32WBA54KEU7TR, STM32WBA54KGU6, STM32WBA54KGU6TR, STM32WBA54KGU7, STM32WBA54KGU7TR, STM32WBA55CEU6, STM32WBA55CEU6TR, STM32WBA55CEU7, STM32WBA55CEU7TR, STM32WBA55CGU6, STM32WBA55CGU6TR, STM32WBA55CGU6U, STM32WBA55CGU7, STM32WBA55CGU7TR, STM32WBA55G-DK1, STM32WBA55HEF6, STM32WBA55HEF7, STM32WBA55HGF6, STM32WBA55HGF7, STM32WBA55UEI6, STM32WBA55UEI6TR, STM32WBA55UEI7, STM32WBA55UEI7TR, STM32WBA55UGI6, STM32WBA55UGI6TR, STM32WBA55UGI7, STM32WBA55UGI7TR, STM32WL5MOCH6, STM32WL5MOCH6TR]
2024-02-22 08:51:27,273 [INFO] BoardInfo:889 - No configuration file found for board P-NUCLEO-WB55
2024-02-22 08:51:27,273 [INFO] DbBoards:161 - Kit is not supported: P-NUCLEO-WB55
2024-02-22 08:51:27,279 [INFO] BoardInfo:889 - No configuration file found for board STEVAL-BFA001V1B
2024-02-22 08:51:27,279 [INFO] DbBoards:161 - Kit is not supported: STEVAL-BFA001V1B
2024-02-22 08:51:27,281 [INFO] BoardInfo:889 - No configuration file found for board STEVAL-BFA001V2B
2024-02-22 08:51:27,281 [INFO] DbBoards:161 - Kit is not supported: STEVAL-BFA001V2B
2024-02-22 08:51:27,439 [INFO] DbBoards:168 - Found 193 boards, 190 are supported
2024-02-22 08:51:27,439 [INFO] DbBoards:169 - Found 193 boards, 3 of them is supported for  Bsp
2024-02-22 08:51:27,445 [INFO] ApiDb:668 - CubeFinder database Data Model version=2.1
2024-02-22 08:51:27,445 [INFO] ApiDb:669 - CubeFinder database Configuration version=3.0.39
2024-02-22 08:51:27,445 [INFO] ApiDb:670 - CubeFinder database generation date=2023-11-06 (1699269565)
2024-02-22 08:51:27,445 [INFO] ApiDb:671 - CubeFinder database FW Pack versions=[FP-ATR-ASTRA1_V2.0.0, FP-SNS-FLIGHT1_V5.0.1, FP-SNS-FLIGHT1_V5.0.2, FP-SNS-MOTENV1_V4.3.1, FP-SNS-MOTENV1_V4.3.2, FP-SNS-MOTENVWB1_V1.3.0, FP-SNS-SMARTAG2_V1.2.0, STM32Cube_FW_C0_V1.1.0, STM32Cube_FW_F4_V1.28.0, STM32Cube_FW_F7_V1.17.0, STM32Cube_FW_G0_V1.6.1, STM32Cube_FW_G4_V1.5.1, STM32Cube_FW_H5_V0.5.1, STM32Cube_FW_H5_V1.1.1, STM32Cube_FW_H5_V1.2.0RC2, STM32Cube_FW_H7_V1.11.0, STM32Cube_FW_L0_V1.12.2, STM32Cube_FW_L5_V1.5.0, STM32Cube_FW_U5_V1.3.0RC4, STM32Cube_FW_U5_V1.4.0, STM32Cube_FW_WBA_V1.0.0RC1, STM32Cube_FW_WBA_V1.1.0RC1, STM32Cube_FW_WBA_V1.2.0, STM32Cube_FW_WBA_V1.2.0RC2, STM32Cube_FW_WB_V1.15.0RC1, STM32Cube_FW_WB_V1.16.0, STM32Cube_FW_WB_V1.16.0RC2, STM32Cube_FW_WB_V1.18.0, STM32Cube_FW_WL_V1.3.0, X-CUBE-ALGOBUILD_V1.3.0, X-CUBE-ALS_V1.0.1, X-CUBE-AZRTOS-F4_V1.1.0, X-CUBE-AZRTOS-F7_V1.1.0, X-CUBE-AZRTOS-G0_V1.1.0, X-CUBE-AZRTOS-G4_V2.0.0, X-CUBE-AZRTOS-H7_V3.1.0, X-CUBE-AZRTOS-L4_V1.0.0, X-CUBE-AZRTOS-L4_V2.0.0, X-CUBE-AZRTOS-L5_V1.1.0, X-CUBE-AZRTOS-WB_V2.0.0, X-CUBE-AZRTOS-WL_V2.0.0, X-CUBE-BLE1_V7.0.0, X-CUBE-BLE2_V3.3.0, X-CUBE-BLEMGR_V2.0.0, X-CUBE-EEPRMA1_V4.1.0, X-CUBE-EEPRMA1_V4.2.0, X-CUBE-FREERTOS_V1.1.0, X-CUBE-GNSS1_V6.0.0, X-CUBE-MEMS1_V10.0.0, X-CUBE-MEMS1_V9.1.0, X-CUBE-MEMS1_V9.4.0, X-CUBE-MEMS1_V9.6.0, X-CUBE-NFC4_V3.0.0, X-CUBE-NFC7_V1.0.1, X-CUBE-SFXS2LP1_V4.0.0, X-CUBE-SUBG2_V5.0.0, X-CUBE-TOF1_V3.3.1]
2024-02-22 08:51:29,520 [INFO] ApiDb:240 - Found 371 in-development CPN: [B-G473E-ZEST1S, B-WB1M-WPAN1, B-WL5M-SUBG1, NUCLEO-C031C6, NUCLEO-H503RB, NUCLEO-H563ZI, NUCLEO-U545RE-Q, NUCLEO-U5A5ZJ-Q, NUCLEO-WBA52CG, NUCLEO-WBA55CG, STEVAL-MKBOXPRO, STEVAL-PROTEUS1, STEVAL-STWINBX1, STM320518-EVAL, STM32C0116-DK, STM32C011D6Y3TR, STM32C011D6Y6TR, STM32C011F4P3, STM32C011F4P6, STM32C011F4U3, STM32C011F4U6TR, STM32C011F6P3, STM32C011F6P6, STM32C011F6U3, STM32C011F6U6TR, STM32C011J4M3, STM32C011J4M6, STM32C011J6M3, STM32C011J6M6, STM32C0316-DK, STM32C031C4T3, STM32C031C4T6, STM32C031C4U3, STM32C031C4U6, STM32C031C6T3, STM32C031C6T6, STM32C031C6U3, STM32C031C6U6, STM32C031F4P3, STM32C031F4P6, STM32C031F6P3, STM32C031F6P6, STM32C031G4U3, STM32C031G4U6, STM32C031G6U3, STM32C031G6U6, STM32C031K4T3, STM32C031K4T6, STM32C031K4U3, STM32C031K4U6, STM32C031K6T3, STM32C031K6T6, STM32C031K6U3, STM32C031K6U6, STM32G071K8TXN, STM32G071K8UXN, STM32G081GBU6N, STM32G081KBT6N, STM32G081KBUXN, STM32G0B1CCT6N, STM32G0B1KCT6, STM32G0B1NEY6TR, STM32G0B1RCT6N, STM32G0C1CCT6, STM32G0C1CCT6N, STM32G0C1CCU6N, STM32G0C1CET6N, STM32G0C1CEU6N, STM32G0C1KCT6, STM32G0C1NEY6TR, STM32G0C1RCI6N, STM32G0C1RCT6N, STM32G0C1REI6N, STM32G0C1RET6N, STM32G0C1VCI6, STM32G0C1VEI6, STM32G471CCT6, STM32G471CCU6, STM32G471CET3, STM32G471CET6, STM32G471CEU3, STM32G471CEU6, STM32G471MCT6, STM32G471MET3, STM32G471MET6, STM32G471MEY6TR, STM32G471QCT6, STM32G471QET3, STM32G471RCT6, STM32G471RET3, STM32G471RET6, STM32G471VCH6, STM32G471VCI6, STM32G471VCT6, STM32G471VEH3, STM32G471VEH6, STM32G471VEI3, STM32G471VEI6, STM32G471VET3, STM32G471VET6, STM32G474CCT6, STM32H503CBT6, STM32H503CBU6, STM32H503EBY6TR, STM32H503KBU6, STM32H503RBT6, STM32H562AGI6, STM32H562AII6, STM32H562IGK6, STM32H562IGT6, STM32H562IIK6, STM32H562IIT6, STM32H562RGT6, STM32H562RGV6, STM32H562RIT6, STM32H562RIV6, STM32H562VGT6, STM32H562VIT6, STM32H562ZGT6, STM32H562ZIT6, STM32H563AGI6, STM32H563AII3Q, STM32H563AII6, STM32H563IGK6, STM32H563IGT6, STM32H563IIK3Q, STM32H563IIK6, STM32H563IIT3Q, STM32H563IIT6, STM32H563MIY3QTR, STM32H563RGT6, STM32H563RGV6, STM32H563RIT6, STM32H563RIV6, STM32H563VGT6, STM32H563VIT3Q, STM32H563VIT6, STM32H563ZGT6, STM32H563ZIT3Q, STM32H563ZIT6, STM32H573AII3Q, STM32H573AII6, STM32H573I-DK, STM32H573IIK3Q, STM32H573IIK6, STM32H573IIT3Q, STM32H573IIT6, STM32H573MIY3QTR, STM32H573RIT6, STM32H573RIV6, STM32H573VIT3Q, STM32H573VIT6, STM32H573ZIT3Q, STM32H573ZIT6, STM32L4R5QGI6STR, STM32MP131AAE3, STM32MP131AAF3, STM32MP131AAG3, STM32MP131CAE3, STM32MP131CAF3, STM32MP131CAG3, STM32MP131DAE7, STM32MP131DAF7, STM32MP131DAG7, STM32MP131FAE7, STM32MP131FAF7, STM32MP131FAG7, STM32MP133AAE3, STM32MP133AAF3, STM32MP133AAG3, STM32MP133CAE3, STM32MP133CAF3, STM32MP133CAG3, STM32MP133DAE7, STM32MP133DAF7, STM32MP133DAG7, STM32MP133FAE7, STM32MP133FAF7, STM32MP133FAG7, STM32MP135AAE3, STM32MP135AAF3, STM32MP135AAG3, STM32MP135CAE3, STM32MP135CAF3, STM32MP135CAG3, STM32MP135DAE7, STM32MP135DAF7, STM32MP135DAG7, STM32MP135F-DK, STM32MP135FAE7, STM32MP135FAF7, STM32MP135FAF7T, STM32MP135FAF7U, STM32MP135FAG7, STM32U535CBT6, STM32U535CBT6Q, STM32U535CBU6, STM32U535CBU6Q, STM32U535CCT6, STM32U535CCT6Q, STM32U535CCU6, STM32U535CCU6Q, STM32U535CET6, STM32U535CET6Q, STM32U535CEU6, STM32U535CEU6Q, STM32U535JEY6QTR, STM32U535NCY6QTR, STM32U535NEY6QTR, STM32U535RBI6, STM32U535RBI6Q, STM32U535RBT6, STM32U535RBT6Q, STM32U535RCI6, STM32U535RCI6Q, STM32U535RCT6, STM32U535RCT6Q, STM32U535REI6, STM32U535REI6Q, STM32U535RET6, STM32U535RET6Q, STM32U535VCI6, STM32U535VCI6Q, STM32U535VCT6, STM32U535VCT6Q, STM32U535VEI6, STM32U535VEI6Q, STM32U535VET6, STM32U535VET6Q, STM32U545CET6, STM32U545CET6Q, STM32U545CEU6, STM32U545CEU6Q, STM32U545JEY6QTR, STM32U545NEY6QTR, STM32U545REI6, STM32U545REI6Q, STM32U545RET6, STM32U545RET6Q, STM32U545VEI6, STM32U545VEI6Q, STM32U545VET6, STM32U545VET6Q, STM32U595AIH6, STM32U595AIH6Q, STM32U595AJH6, STM32U595AJH6Q, STM32U595QII6, STM32U595QII6Q, STM32U595QJI6, STM32U595QJI6Q, STM32U595RIT6, STM32U595RIT6Q, STM32U595RJT6, STM32U595RJT6Q, STM32U595VIT6, STM32U595VIT6Q, STM32U595VJT6, STM32U595VJT6Q, STM32U595ZIT6, STM32U595ZIT6Q, STM32U595ZIY6QTR, STM32U595ZJT6, STM32U595ZJT6Q, STM32U595ZJY6QTR, STM32U599BJY6QTR, STM32U599NIH6Q, STM32U599NJH6Q, STM32U599VIT6Q, STM32U599VJT6, STM32U599VJT6Q, STM32U599ZIT6Q, STM32U599ZIY6QTR, STM32U599ZJT6Q, STM32U599ZJY6QTR, STM32U5A5AJH6, STM32U5A5AJH6Q, STM32U5A5QJI6, STM32U5A5QJI6Q, STM32U5A5RJT6, STM32U5A5RJT6Q, STM32U5A5VJT6, STM32U5A5VJT6Q, STM32U5A5ZJT6, STM32U5A5ZJT6Q, STM32U5A5ZJY6QTR, STM32U5A9BJY6QTR, STM32U5A9J-DK, STM32U5A9NJH6Q, STM32U5A9VJT6Q, STM32U5A9ZJT6Q, STM32U5A9ZJY6QTR, STM32U5F7VIT6, STM32U5F7VIT6Q, STM32U5F7VJT6, STM32U5F7VJT6Q, STM32U5F9BJY6QTR, STM32U5F9NJH6Q, STM32U5F9VIT6Q, STM32U5F9VJT6Q, STM32U5F9ZIJ6QTR, STM32U5F9ZIT6Q, STM32U5F9ZJJ6QTR, STM32U5F9ZJT6Q, STM32U5G7VJT6, STM32U5G7VJT6Q, STM32U5G9BJY6QTR, STM32U5G9J-DK1, STM32U5G9J-DK2, STM32U5G9NJH6Q, STM32U5G9VJT6Q, STM32U5G9ZJJ6QTR, STM32U5G9ZJT6Q, STM32WB1MMCH6, STM32WBA50KEU6, STM32WBA50KEU6TR, STM32WBA50KGU6, STM32WBA50KGU6TR, STM32WBA52CEU6, STM32WBA52CEU6TR, STM32WBA52CEU7, STM32WBA52CEU7TR, STM32WBA52CGU6, STM32WBA52CGU6TR, STM32WBA52CGU6U, STM32WBA52CGU7, STM32WBA52CGU7TR, STM32WBA52KEU6, STM32WBA52KEU6TR, STM32WBA52KGU6, STM32WBA52KGU6TR, STM32WBA54CEU6, STM32WBA54CEU6TR, STM32WBA54CEU7, STM32WBA54CEU7TR, STM32WBA54CGU6, STM32WBA54CGU6TR, STM32WBA54CGU7, STM32WBA54CGU7TR, STM32WBA54KEU6, STM32WBA54KEU6TR, STM32WBA54KEU7, STM32WBA54KEU7TR, STM32WBA54KGU6, STM32WBA54KGU6TR, STM32WBA54KGU7, STM32WBA54KGU7TR, STM32WBA55CEU6, STM32WBA55CEU6TR, STM32WBA55CEU7, STM32WBA55CEU7TR, STM32WBA55CGU6, STM32WBA55CGU6TR, STM32WBA55CGU6U, STM32WBA55CGU7, STM32WBA55CGU7TR, STM32WBA55G-DK1, STM32WBA55HEF6, STM32WBA55HEF7, STM32WBA55HGF6, STM32WBA55HGF7, STM32WBA55UEI6, STM32WBA55UEI6TR, STM32WBA55UEI7, STM32WBA55UEI7TR, STM32WBA55UGI6, STM32WBA55UGI6TR, STM32WBA55UGI7, STM32WBA55UGI7TR, STM32WL5MOCH6, STM32WL5MOCH6TR]
2024-02-22 08:51:29,533 [INFO] DbMcus:218 - Found 3930 MCUs, 3930 are supported
2024-02-22 08:51:29,533 [INFO] ApiDb:414 - User favorites file not found: C:\Users\mecat/.stm32cubeide/favorites.mcus.txt
2024-02-22 08:51:29,533 [INFO] DbMcus:224 - Set 0 / 0 favorites MCUs
2024-02-22 08:51:29,950 [INFO] ApiDb:414 - User favorites file not found: C:\Users\mecat/.stm32cubeide/favorites.boards.txt
2024-02-22 08:51:29,950 [INFO] DbBoards:198 - Set 0 / 0 favorites Boards
2024-02-22 08:51:29,950 [INFO] McuFinderGlobals:76 - Set McuFinderConnectedMode to true
2024-02-22 08:51:29,955 [INFO] MultiScanPanel:200 - Auto-refresh data requested => check proxy status ongoing
2024-02-22 08:51:29,957 [INFO] FinderPluginLoader:95 - Searching for filters in installed packs
2024-02-22 08:51:31,816 [INFO] ServerAccessManage:473 - Download File STMicroelectronics.X-CUBE-NFC6.pdsc
2024-02-22 08:51:31,986 [ERROR] WebUtils:396 - Updater is busy
2024-02-22 08:51:31,986 [WARN] DetailPanel:346 - Failed to get advertising image, set to default
2024-02-22 08:51:32,878 [INFO] ServerAccessManage:473 - Download File STMicroelectronics.X-CUBE-NFC7.pdsc
2024-02-22 08:51:33,919 [INFO] McuFinderGlobals:76 - Set McuFinderConnectedMode to true
2024-02-22 08:51:33,920 [INFO] MultiScanPanel:200 - Auto-refresh data requested => check proxy status ongoing
2024-02-22 08:51:33,920 [INFO] FinderPluginLoader:95 - Searching for filters in installed packs
2024-02-22 08:51:34,659 [INFO] ServerAccessManage:473 - Download File STMicroelectronics.X-CUBE-SFXS2LP1.pdsc
2024-02-22 08:51:35,444 [ERROR] WebUtils:396 - Updater is busy
2024-02-22 08:51:35,444 [WARN] DetailPanel:346 - Failed to get advertising image, set to default
2024-02-22 08:51:37,130 [INFO] ServerAccessManage:473 - Download File STMicroelectronics.X-CUBE-SUBG2.pdsc
2024-02-22 08:51:43,086 [INFO] ServerAccessManage:473 - Download File STMicroelectronics.X-CUBE-SMBUS.pdsc
2024-02-22 08:51:44,059 [ERROR] ServerAccessManage:1089 - Problem, file not found on Server
2024-02-22 08:51:44,630 [INFO] ServerAccessManage:473 - Download File STMicroelectronics.X-CUBE-TOF1.pdsc
2024-02-22 08:51:46,263 [INFO] MultiScanPanel:200 - Auto-refresh data requested => check proxy status ongoing
2024-02-22 08:51:46,388 [ERROR] WebUtils:396 - Updater is busy
2024-02-22 08:51:46,389 [WARN] DetailPanel:346 - Failed to get advertising image, set to default
2024-02-22 08:51:46,402 [INFO] DbBoards:642 - Loading board mini-images...
2024-02-22 08:51:47,503 [ERROR] DbBoards:659 - Image file not found for board NUCLEO-WBA55CG: C:\Users\mecat\.stmcufinder\plugins\mcufinder//mcu//boards_images/NUCLEO-WBA55CG.jpg
2024-02-22 08:51:48,946 [ERROR] DbBoards:659 - Image file not found for board STM32WBA55G-DK1: C:\Users\mecat\.stmcufinder\plugins\mcufinder//mcu//boards_images/STM32WBA55G-DK1.jpg
2024-02-22 08:51:48,947 [INFO] DbBoards:665 - Loaded 191 board mini-images
2024-02-22 08:51:48,988 [ERROR] ServerAccessManage:1089 - Problem, file not found on Server
2024-02-22 08:51:49,706 [INFO] ServerAccessManage:473 - Download File STMicroelectronics.X-CUBE-TOUCHGFX.pdsc
2024-02-22 08:52:00,787 [INFO] ServerAccessManage:473 - Download File STMicroelectronics.X-CUBE-ALGOBUILD.pdsc
2024-02-22 08:52:04,559 [INFO] ServerAccessManage:473 - Download File STMicroelectronics.X-CUBE-AZRTOS-H7.pdsc
2024-02-22 08:52:06,557 [INFO] BoardResultTable:719 - Mark Board NUCLEO-F302R8 as favorite
2024-02-22 08:52:08,890 [INFO] ServerAccessManage:473 - Download File STMicroelectronics.X-CUBE-AZRTOS-F4.pdsc
2024-02-22 08:52:10,115 [INFO] ServerAccessManage:473 - Download File STMicroelectronics.X-CUBE-AZRTOS-F7.pdsc
2024-02-22 08:52:11,901 [INFO] ServerAccessManage:473 - Download File STMicroelectronics.X-CUBE-AZRTOS-L4.pdsc
2024-02-22 08:52:13,812 [INFO] ServerAccessManage:473 - Download File STMicroelectronics.X-CUBE-AZRTOS-L5.pdsc
2024-02-22 08:52:15,995 [INFO] ServerAccessManage:473 - Download File STMicroelectronics.X-CUBE-AZRTOS-G0.pdsc
2024-02-22 08:52:17,906 [INFO] ServerAccessManage:473 - Download File STMicroelectronics.X-CUBE-AZRTOS-G4.pdsc
2024-02-22 08:52:19,308 [INFO] ServerAccessManage:473 - Download File STMicroelectronics.X-CUBE-AZRTOS-WB.pdsc
2024-02-22 08:52:21,119 [INFO] ServerAccessManage:473 - Download File STMicroelectronics.X-CUBE-AZRTOS-WL.pdsc
2024-02-22 08:52:22,752 [INFO] ServerAccessManage:473 - Download File wolfSSL.I-CUBE-wolfSSL.pdsc
2024-02-22 08:52:23,656 [INFO] McuFinderGlobals:76 - Set McuFinderConnectedMode to true
2024-02-22 08:52:23,660 [INFO] ApiDb:448 - Save user favorites file C:\Users\mecat/.stm32cubeide/favorites.mcus.txt: 0 item(s)
2024-02-22 08:52:23,660 [INFO] ApiDb:452 - User favorites MCUs=[]
2024-02-22 08:52:23,667 [INFO] ApiDb:448 - Save user favorites file C:\Users\mecat/.stm32cubeide/favorites.boards.txt: 1 item(s)
2024-02-22 08:52:23,667 [INFO] ApiDb:452 - User favorites Boards=[NUCLEO-F302R8]
2024-02-22 08:52:25,899 [ERROR] ServerAccessManage:1089 - Problem, file not found on Server
2024-02-22 08:52:26,245 [ERROR] ServerAccessManage:1089 - Problem, file not found on Server
2024-02-22 08:52:26,608 [ERROR] ServerAccessManage:1089 - Problem, file not found on Server
2024-02-22 08:52:27,134 [ERROR] ServerAccessManage:1096 - Problem, Http access forbiden
2024-02-22 08:52:27,135 [ERROR] ServerAccessManage:651 - Problem, Http access forbiden : RoweBots.I-CUBE-UNISONRTOS.pdsc.
2024-02-22 08:52:27,902 [INFO] ServerAccessManage:473 - Download File SEGGER.I-CUBE-embOS.pdsc
2024-02-22 08:52:29,841 [INFO] ServerAccessManage:473 - Download File portGmbH.I-Cube-SoM-uGOAL.pdsc
2024-02-22 08:52:31,301 [ERROR] ServerAccessManage:1089 - Problem, file not found on Server
2024-02-22 08:52:31,438 [ERROR] ServerAccessManage:1089 - Problem, file not found on Server
2024-02-22 08:52:31,575 [ERROR] ServerAccessManage:1089 - Problem, file not found on Server
2024-02-22 08:52:32,363 [INFO] ServerAccessManage:473 - Download File emotas.I-CUBE-CANOPEN.pdsc
2024-02-22 08:52:33,433 [INFO] ServerAccessManage:473 - Download File WES.I-CUBE-Cesium.pdsc
2024-02-22 08:52:33,855 [ERROR] ServerAccessManage:1089 - Problem, file not found on Server
2024-02-22 08:52:34,137 [ERROR] ServerAccessManage:1089 - Problem, file not found on Server
2024-02-22 08:52:34,778 [INFO] ServerAccessManage:473 - Download File ITTIA_DB.I-CUBE-ITTIADB.pdsc
2024-02-22 08:52:36,654 [INFO] ServerAccessManage:473 - Download File Infineon.AIROC-Wi-Fi-Bluetooth-STM32.pdsc
2024-02-22 08:52:37,580 [WARN] CheckServerUpdateThread:151 - Open CheckUpdateFile Fail
2024-02-22 08:52:37,581 [WARN] PackLoader:240 - Cannot read IP mode file for STMicroelectronics.FP-ATR-ASTRA1.2.0.0
2024-02-22 08:52:37,586 [WARN] PackLoader:240 - Cannot read IP mode file for STMicroelectronics.FP-ATR-SIGFOX1.3.2.0
2024-02-22 08:52:37,594 [WARN] PackLoader:240 - Cannot read IP mode file for STMicroelectronics.FP-SNS-FLIGHT1.5.0.2
2024-02-22 08:52:37,600 [WARN] PackLoader:240 - Cannot read IP mode file for STMicroelectronics.FP-SNS-MOTENV1.4.3.2
2024-02-22 08:52:37,606 [WARN] PackLoader:240 - Cannot read IP mode file for STMicroelectronics.FP-SNS-MOTENVWB1.1.3.1
2024-02-22 08:52:37,614 [WARN] PackLoader:240 - Cannot read IP mode file for STMicroelectronics.FP-SNS-SMARTAG2.1.2.0
2024-02-22 08:52:37,617 [WARN] PackLoader:240 - Cannot read IP mode file for STMicroelectronics.X-CUBE-AI.8.1.0
2024-02-22 08:52:37,623 [WARN] PackLoader:240 - Cannot read IP mode file for STMicroelectronics.X-CUBE-ALS.1.0.1
2024-02-22 08:52:37,630 [WARN] PackLoader:240 - Cannot read IP mode file for STMicroelectronics.X-CUBE-BLE1.7.0.0
2024-02-22 08:52:37,635 [WARN] PackLoader:240 - Cannot read IP mode file for STMicroelectronics.X-CUBE-BLE2.3.3.0
2024-02-22 08:52:37,646 [WARN] PackLoader:240 - Cannot read IP mode file for STMicroelectronics.X-CUBE-BLEMGR.3.0.0
2024-02-22 08:52:37,659 [WARN] PackLoader:240 - Cannot read IP mode file for STMicroelectronics.X-CUBE-DISPLAY.3.0.0
2024-02-22 08:52:37,670 [WARN] PackLoader:240 - Cannot read IP mode file for STMicroelectronics.X-CUBE-EEPRMA1.5.1.0
2024-02-22 08:52:37,678 [WARN] PackLoader:240 - Cannot read IP mode file for STMicroelectronics.X-CUBE-FREERTOS.1.1.0
2024-02-22 08:52:37,684 [WARN] PackLoader:240 - Cannot read IP mode file for STMicroelectronics.X-CUBE-GNSS1.6.0.0
2024-02-22 08:52:37,689 [WARN] PackLoader:240 - Cannot read IP mode file for STMicroelectronics.X-CUBE-ISPU.2.0.0
2024-02-22 08:52:37,706 [INFO] CheckServerUpdateThread:120 - End of CheckServer Thread
2024-02-22 08:52:37,737 [WARN] PackLoader:240 - Cannot read IP mode file for STMicroelectronics.X-CUBE-MEMS1.10.0.0
2024-02-22 08:52:37,876 [WARN] PackLoader:240 - Cannot read IP mode file for STMicroelectronics.X-CUBE-NFC4.3.0.0
2024-02-22 08:52:37,883 [WARN] PackLoader:240 - Cannot read IP mode file for STMicroelectronics.X-CUBE-NFC6.3.0.0
2024-02-22 08:52:37,889 [WARN] PackLoader:240 - Cannot read IP mode file for STMicroelectronics.X-CUBE-NFC7.1.0.1
2024-02-22 08:52:37,896 [WARN] PackLoader:240 - Cannot read IP mode file for STMicroelectronics.X-CUBE-SFXS2LP1.4.0.0
2024-02-22 08:52:37,904 [WARN] PackLoader:240 - Cannot read IP mode file for STMicroelectronics.X-CUBE-SUBG2.5.0.0
2024-02-22 08:52:37,914 [WARN] PackLoader:240 - Cannot read IP mode file for STMicroelectronics.X-CUBE-SMBUS.2.1.0
2024-02-22 08:52:37,925 [WARN] PackLoader:240 - Cannot read IP mode file for STMicroelectronics.X-CUBE-TOF1.3.4.0
2024-02-22 08:52:37,945 [WARN] PackLoader:240 - Cannot read IP mode file for STMicroelectronics.X-CUBE-TOUCHGFX.4.23.0
2024-02-22 08:52:37,950 [WARN] PackLoader:240 - Cannot read IP mode file for STMicroelectronics.X-CUBE-ALGOBUILD.1.3.0
2024-02-22 08:52:37,971 [WARN] PackLoader:240 - Cannot read IP mode file for STMicroelectronics.X-CUBE-AZRTOS-H7.3.2.0
2024-02-22 08:52:38,004 [WARN] PackLoader:240 - Cannot read IP mode file for STMicroelectronics.X-CUBE-AZRTOS-F4.1.1.0
2024-02-22 08:52:38,026 [WARN] PackLoader:240 - Cannot read IP mode file for STMicroelectronics.X-CUBE-AZRTOS-F7.1.1.0
2024-02-22 08:52:38,047 [WARN] ConditionMgr:438 - getConditionDescription Invalid condition id : LAN8742 Phy interface Condition cause : null
2024-02-22 08:52:38,048 [WARN] PackLoader:240 - Cannot read IP mode file for STMicroelectronics.X-CUBE-AZRTOS-L4.2.0.0
2024-02-22 08:52:38,050 [WARN] ConditionMgr:1039 - genDependencies : Invalid condition id : LAN8742 Phy interface Condition cause : null
2024-02-22 08:52:38,050 [WARN] ConditionMgr:1039 - genDependencies : Invalid condition id : LAN8742 Phy interface Condition cause : null
2024-02-22 08:52:38,051 [WARN] ConditionMgr:1039 - genDependencies : Invalid condition id : LAN8742 Phy interface Condition cause : null
2024-02-22 08:52:38,067 [WARN] PackLoader:240 - Cannot read IP mode file for STMicroelectronics.X-CUBE-AZRTOS-L5.2.0.0
2024-02-22 08:52:38,085 [WARN] PackLoader:240 - Cannot read IP mode file for STMicroelectronics.X-CUBE-AZRTOS-G0.1.1.0
2024-02-22 08:52:38,109 [WARN] PackLoader:240 - Cannot read IP mode file for STMicroelectronics.X-CUBE-AZRTOS-G4.2.0.0
2024-02-22 08:52:38,121 [WARN] ConditionMgr:438 - getConditionDescription Invalid condition id : UX DEVICE CLASS RTOS Condition cause : null
2024-02-22 08:52:38,121 [WARN] ConditionMgr:438 - getConditionDescription Invalid condition id : UX DEVICE CLASS RTOS Condition cause : null
2024-02-22 08:52:38,123 [WARN] PackLoader:240 - Cannot read IP mode file for STMicroelectronics.X-CUBE-AZRTOS-WB.2.0.0
2024-02-22 08:52:38,124 [WARN] ConditionMgr:1039 - genDependencies : Invalid condition id : UX DEVICE CLASS RTOS Condition cause : null
2024-02-22 08:52:38,124 [WARN] ConditionMgr:1039 - genDependencies : Invalid condition id : UX DEVICE CLASS RTOS Condition cause : null
2024-02-22 08:52:38,124 [WARN] ConditionMgr:1039 - genDependencies : Invalid condition id : UX DEVICE CLASS RTOS Condition cause : null
2024-02-22 08:52:38,125 [WARN] ConditionMgr:1039 - genDependencies : Invalid condition id : UX DEVICE CLASS RTOS Condition cause : null
2024-02-22 08:52:38,125 [WARN] ConditionMgr:1039 - genDependencies : Invalid condition id : UX DEVICE CLASS RTOS Condition cause : null
2024-02-22 08:52:38,133 [INFO] LogOutputStream:77 - [STDOUT_REDIRECT] 1 : Invalid condition id : UX_CORESTACK_Condition cause : null
2024-02-22 08:52:38,133 [INFO] LogOutputStream:77 - [STDOUT_REDIRECT] 1 : Invalid condition id : UX_CORESTACK_Condition cause : null
2024-02-22 08:52:38,134 [INFO] LogOutputStream:77 - [STDOUT_REDIRECT] 1 : Invalid condition id : UX_CORESTACK_Condition cause : null
2024-02-22 08:52:38,135 [INFO] LogOutputStream:77 - [STDOUT_REDIRECT] 1 : Invalid condition id : UX_CORESTACK_Condition cause : null
2024-02-22 08:52:38,136 [INFO] LogOutputStream:77 - [STDOUT_REDIRECT] 1 : Invalid condition id : UX_CORESTACK_Condition cause : null
2024-02-22 08:52:38,139 [WARN] PackLoader:240 - Cannot read IP mode file for STMicroelectronics.X-CUBE-AZRTOS-WL.2.0.0
2024-02-22 08:52:38,144 [WARN] PackLoader:240 - Cannot read IP mode file for wolfSSL.I-CUBE-wolfSSL.5.6.6
2024-02-22 08:52:38,174 [WARN] PackLoader:240 - Cannot read IP mode file for SEGGER.I-CUBE-embOS.1.3.1
2024-02-22 08:52:38,217 [WARN] PackLoader:240 - Cannot read IP mode file for portGmbH.I-Cube-SoM-uGOAL.1.1.0
2024-02-22 08:52:38,222 [WARN] PackLoader:240 - Cannot read IP mode file for emotas.I-CUBE-CANOPEN.1.3.0
2024-02-22 08:52:38,230 [WARN] PackLoader:240 - Cannot read IP mode file for WES.I-CUBE-Cesium.1.3.0
2024-02-22 08:52:38,234 [WARN] PackLoader:240 - Cannot read IP mode file for ITTIA_DB.I-CUBE-ITTIADB.8.8.0
2024-02-22 08:52:38,245 [WARN] PackLoader:240 - Cannot read IP mode file for Infineon.AIROC-Wi-Fi-Bluetooth-STM32.1.5.1
2024-02-22 08:52:38,248 [INFO] PopulateThirdPartyThread:66 - Ending populate Thread
2024-02-22 08:52:38,250 [INFO] ThirdParty:1030 - CMSIS Pack Vendor :STMicroelectronics X-CUBE-DISPLAY 3.0.0
2024-02-22 08:52:38,250 [INFO] ThirdParty:1030 - CMSIS Pack Vendor :STMicroelectronics X-CUBE-GNSS1 6.0.0
2024-02-22 08:52:38,250 [INFO] ThirdParty:1030 - CMSIS Pack Vendor :STMicroelectronics FP-SNS-MOTENVWB1 1.3.1
2024-02-22 08:52:38,250 [INFO] ThirdParty:1030 - CMSIS Pack Vendor :STMicroelectronics X-CUBE-AZRTOS-F4 1.1.0
2024-02-22 08:52:38,250 [INFO] ThirdParty:1030 - CMSIS Pack Vendor :STMicroelectronics FP-ATR-SIGFOX1 3.2.0
2024-02-22 08:52:38,251 [INFO] ThirdParty:1030 - CMSIS Pack Vendor :STMicroelectronics X-CUBE-BLE1 7.0.0
2024-02-22 08:52:38,251 [INFO] ThirdParty:1030 - CMSIS Pack Vendor :STMicroelectronics X-CUBE-SMBUS 2.1.0
2024-02-22 08:52:38,251 [INFO] ThirdParty:1030 - CMSIS Pack Vendor :STMicroelectronics X-CUBE-ISPU 2.0.0
2024-02-22 08:52:38,251 [INFO] ThirdParty:1030 - CMSIS Pack Vendor :STMicroelectronics X-CUBE-EEPRMA1 5.1.0
2024-02-22 08:52:38,251 [INFO] ThirdParty:1030 - CMSIS Pack Vendor :STMicroelectronics X-CUBE-AZRTOS-WB 2.0.0
2024-02-22 08:52:38,251 [INFO] ThirdParty:1030 - CMSIS Pack Vendor :emotas I-CUBE-CANOPEN 1.3.0
2024-02-22 08:52:38,251 [INFO] ThirdParty:1030 - CMSIS Pack Vendor :STMicroelectronics X-CUBE-MEMS1 10.0.0
2024-02-22 08:52:38,251 [INFO] ThirdParty:1030 - CMSIS Pack Vendor :wolfSSL I-CUBE-wolfSSL 5.6.6
2024-02-22 08:52:38,251 [INFO] ThirdParty:1030 - CMSIS Pack Vendor :STMicroelectronics X-CUBE-FREERTOS 1.1.0
2024-02-22 08:52:38,251 [INFO] ThirdParty:1030 - CMSIS Pack Vendor :STMicroelectronics X-CUBE-NFC7 1.0.1
2024-02-22 08:52:38,251 [INFO] ThirdParty:1030 - CMSIS Pack Vendor :STMicroelectronics X-CUBE-TOUCHGFX 4.23.0
2024-02-22 08:52:38,251 [INFO] ThirdParty:1030 - CMSIS Pack Vendor :STMicroelectronics X-CUBE-AZRTOS-F7 1.1.0
2024-02-22 08:52:38,251 [INFO] ThirdParty:1030 - CMSIS Pack Vendor :STMicroelectronics X-CUBE-AZRTOS-L5 2.0.0
2024-02-22 08:52:38,251 [INFO] ThirdParty:1030 - CMSIS Pack Vendor :STMicroelectronics X-CUBE-NFC6 3.0.0
2024-02-22 08:52:38,251 [INFO] ThirdParty:1030 - CMSIS Pack Vendor :STMicroelectronics X-CUBE-ALS 1.0.1
2024-02-22 08:52:38,251 [INFO] ThirdParty:1030 - CMSIS Pack Vendor :portGmbH I-Cube-SoM-uGOAL 1.1.0
2024-02-22 08:52:38,251 [INFO] ThirdParty:1030 - CMSIS Pack Vendor :ITTIA_DB I-CUBE-ITTIADB 8.8.0
2024-02-22 08:52:38,251 [INFO] ThirdParty:1030 - CMSIS Pack Vendor :STMicroelectronics FP-SNS-SMARTAG2 1.2.0
2024-02-22 08:52:38,251 [INFO] ThirdParty:1030 - CMSIS Pack Vendor :STMicroelectronics FP-SNS-MOTENV1 4.3.2
2024-02-22 08:52:38,251 [INFO] ThirdParty:1030 - CMSIS Pack Vendor :STMicroelectronics X-CUBE-ALGOBUILD 1.3.0
2024-02-22 08:52:38,251 [INFO] ThirdParty:1030 - CMSIS Pack Vendor :STMicroelectronics X-CUBE-AZRTOS-WL 2.0.0
2024-02-22 08:52:38,251 [INFO] ThirdParty:1030 - CMSIS Pack Vendor :SEGGER I-CUBE-embOS 1.3.1
2024-02-22 08:52:38,251 [INFO] ThirdParty:1030 - CMSIS Pack Vendor :STMicroelectronics X-CUBE-AZRTOS-G0 1.1.0
2024-02-22 08:52:38,252 [INFO] ThirdParty:1030 - CMSIS Pack Vendor :STMicroelectronics X-CUBE-AI 8.1.0
2024-02-22 08:52:38,252 [INFO] ThirdParty:1030 - CMSIS Pack Vendor :STMicroelectronics X-CUBE-NFC4 3.0.0
2024-02-22 08:52:38,252 [INFO] ThirdParty:1030 - CMSIS Pack Vendor :STMicroelectronics X-CUBE-SUBG2 5.0.0
2024-02-22 08:52:38,252 [INFO] ThirdParty:1030 - CMSIS Pack Vendor :STMicroelectronics X-CUBE-AZRTOS-L4 2.0.0
2024-02-22 08:52:38,252 [INFO] ThirdParty:1030 - CMSIS Pack Vendor :STMicroelectronics FP-ATR-ASTRA1 2.0.0
2024-02-22 08:52:38,252 [INFO] ThirdParty:1030 - CMSIS Pack Vendor :WES I-CUBE-Cesium 1.3.0
2024-02-22 08:52:38,252 [INFO] ThirdParty:1030 - CMSIS Pack Vendor :STMicroelectronics X-CUBE-SFXS2LP1 4.0.0
2024-02-22 08:52:38,252 [INFO] ThirdParty:1030 - CMSIS Pack Vendor :STMicroelectronics FP-SNS-FLIGHT1 5.0.2
2024-02-22 08:52:38,252 [INFO] ThirdParty:1030 - CMSIS Pack Vendor :STMicroelectronics X-CUBE-BLE2 3.3.0
2024-02-22 08:52:38,252 [INFO] ThirdParty:1030 - CMSIS Pack Vendor :STMicroelectronics X-CUBE-TOF1 3.4.0
2024-02-22 08:52:38,252 [INFO] ThirdParty:1030 - CMSIS Pack Vendor :STMicroelectronics X-CUBE-AZRTOS-G4 2.0.0
2024-02-22 08:52:38,252 [INFO] ThirdParty:1030 - CMSIS Pack Vendor :STMicroelectronics X-CUBE-AZRTOS-H7 3.2.0
2024-02-22 08:52:38,252 [INFO] ThirdParty:1030 - CMSIS Pack Vendor :Infineon AIROC-Wi-Fi-Bluetooth-STM32 1.5.1
2024-02-22 08:52:38,252 [INFO] ThirdParty:1030 - CMSIS Pack Vendor :STMicroelectronics X-CUBE-BLEMGR 3.0.0
2024-02-22 08:52:38,253 [INFO] LoadServerUpdatesThread:375 - End of LoadServerUpdate Thread
2024-02-22 13:05:08,077 [INFO] Activator:176 - 


2024-02-22 13:05:08,081 [INFO] Activator:177 - !SESSION log4j initialized
2024-02-22 13:05:10,178 [INFO] LogOutputStream:77 - [STDOUT_REDIRECT] 
2024-02-22 13:05:12,564 [INFO] ApplicationProperties:184 - Using Application install path: C:\ST\STM32CubeIDE_1.14.1\STM32CubeIDE\plugins\com.st.stm32cube.common.mx_6.10.0.202311202037
2024-02-22 13:05:12,583 [INFO] DbMcusXml:78 - Set database path to: C:\ST\STM32CubeIDE_1.14.1\STM32CubeIDE\plugins\com.st.stm32cube.common.mx_6.10.0.202311202037\\db\/mcu/
2024-02-22 13:05:12,584 [INFO] ApiDb:274 - Set plugin database path to: C:\ST\STM32CubeIDE_1.14.1\STM32CubeIDE\plugins\com.st.stm32cube.common.mx_6.10.0.202311202037\\db\/plugins/boardmanager/
2024-02-22 13:05:12,584 [WARN] ApiDb:259 - Overriding images path with different value:  => C:\ST\STM32CubeIDE_1.14.1\STM32CubeIDE\plugins\com.st.stm32cube.common.mx_6.10.0.202311202037\\db\/plugins/mcufinder/images/
2024-02-22 13:05:12,591 [INFO] ApiDb:250 - Set database path to: C:\Users\mecat\.stmcufinder\plugins\mcufinder//mcu/
2024-02-22 13:05:12,593 [INFO] DbMcusAds:125 - Set database path to: C:\Users\mecat\.stmcufinder\plugins\mcufinder//mcu/
2024-02-22 13:05:12,596 [INFO] CrossReferenceDbSqlite:203 - Set database path to: C:\Users\mecat\.stmcufinder\plugins\mcufinder//mcu/cs/
2024-02-22 13:05:12,725 [INFO] RulesReader:64 - Compatibility file has been processed (297 Rules)
2024-02-22 13:05:12,800 [INFO] DbMcusXml:78 - Set database path to: C:\ST\STM32CubeIDE_1.14.1\STM32CubeIDE\plugins\com.st.stm32cube.common.mx_6.10.0.202311202037\\db\/mcu/
2024-02-22 13:05:12,800 [INFO] ApiDb:274 - Set plugin database path to: C:\ST\STM32CubeIDE_1.14.1\STM32CubeIDE\plugins\com.st.stm32cube.common.mx_6.10.0.202311202037\\db\/plugins/boardmanager/
2024-02-22 13:05:12,800 [INFO] ApiDb:261 - Set plugin images path to: C:\ST\STM32CubeIDE_1.14.1\STM32CubeIDE\plugins\com.st.stm32cube.common.mx_6.10.0.202311202037\\db\/plugins/mcufinder/images/
2024-02-22 13:05:12,801 [WARN] DbFile:41 - Overriding database path with different value: C:\Users\mecat\.stmcufinder\plugins\mcufinder/ => C:\Users\mecat\.stmcufinder\plugins\mcufinder
2024-02-22 13:05:12,801 [INFO] ApiDb:250 - Set database path to: C:\Users\mecat\.stmcufinder\plugins\mcufinder//mcu/
2024-02-22 13:05:12,801 [WARN] DbFile:41 - Overriding database path with different value: C:\Users\mecat\.stmcufinder\plugins\mcufinder/ => C:\Users\mecat\.stmcufinder\plugins\mcufinder
2024-02-22 13:05:12,801 [INFO] DbMcusAds:125 - Set database path to: C:\Users\mecat\.stmcufinder\plugins\mcufinder//mcu/
2024-02-22 13:05:12,801 [WARN] DbFile:41 - Overriding database path with different value: C:\Users\mecat\.stmcufinder\plugins\mcufinder/ => C:\Users\mecat\.stmcufinder\plugins\mcufinder
2024-02-22 13:05:12,801 [WARN] DbFile:41 - Overriding database path with different value: C:\Users\mecat\.stmcufinder\plugins\mcufinder/ => C:\Users\mecat\.stmcufinder\plugins\mcufinder
2024-02-22 13:05:12,802 [INFO] CrossReferenceDbSqlite:203 - Set database path to: C:\Users\mecat\.stmcufinder\plugins\mcufinder//mcu/cs/
2024-02-22 13:05:12,874 [INFO] MainPanel:264 - HeapMemory: 268435456
2024-02-22 13:05:12,934 [INFO] DbMcusXml:78 - Set database path to: C:\ST\STM32CubeIDE_1.14.1\STM32CubeIDE\plugins\com.st.stm32cube.common.mx_6.10.0.202311202037\\db\/mcu/
2024-02-22 13:05:12,934 [INFO] ApiDb:274 - Set plugin database path to: C:\ST\STM32CubeIDE_1.14.1\STM32CubeIDE\plugins\com.st.stm32cube.common.mx_6.10.0.202311202037\\db\/plugins/boardmanager/
2024-02-22 13:05:12,934 [INFO] ApiDb:261 - Set plugin images path to: C:\ST\STM32CubeIDE_1.14.1\STM32CubeIDE\plugins\com.st.stm32cube.common.mx_6.10.0.202311202037\\db\/plugins/mcufinder/images/
2024-02-22 13:05:12,934 [WARN] DbFile:41 - Overriding database path with different value: C:\Users\mecat\.stmcufinder\plugins\mcufinder/ => C:\Users\mecat\.stmcufinder\plugins\mcufinder
2024-02-22 13:05:12,934 [INFO] ApiDb:250 - Set database path to: C:\Users\mecat\.stmcufinder\plugins\mcufinder//mcu/
2024-02-22 13:05:12,934 [WARN] DbFile:41 - Overriding database path with different value: C:\Users\mecat\.stmcufinder\plugins\mcufinder/ => C:\Users\mecat\.stmcufinder\plugins\mcufinder
2024-02-22 13:05:12,934 [INFO] DbMcusAds:125 - Set database path to: C:\Users\mecat\.stmcufinder\plugins\mcufinder//mcu/
2024-02-22 13:05:12,935 [WARN] DbFile:41 - Overriding database path with different value: C:\Users\mecat\.stmcufinder\plugins\mcufinder/ => C:\Users\mecat\.stmcufinder\plugins\mcufinder
2024-02-22 13:05:12,935 [WARN] DbFile:41 - Overriding database path with different value: C:\Users\mecat\.stmcufinder\plugins\mcufinder/ => C:\Users\mecat\.stmcufinder\plugins\mcufinder
2024-02-22 13:05:12,935 [INFO] CrossReferenceDbSqlite:203 - Set database path to: C:\Users\mecat\.stmcufinder\plugins\mcufinder//mcu/cs/
2024-02-22 13:05:12,951 [INFO] ApplicationProperties:184 - Using Application install path: C:\ST\STM32CubeIDE_1.14.1\STM32CubeIDE\plugins\com.st.stm32cube.common.mx_6.10.0.202311202037
2024-02-22 13:05:12,952 [INFO] PluginManage:196 - Search for loadable plugins [exclusion list=, ]
2024-02-22 13:05:12,953 [INFO] PluginManage:310 - Check plugin analytics
2024-02-22 13:05:13,153 [INFO] AnalyticsPlugin:253 - Accepted Software Licenses: 
2024-02-22 13:05:13,153 [INFO] AnalyticsPlugin:255 - Accepted CMSIS Pack Licenses: 
2024-02-22 13:05:13,154 [INFO] AnalyticsPlugin:257 - Accepted Firmware Licenses: 
2024-02-22 13:05:13,160 [INFO] PluginManage:359 - Loaded plugin analytics (category:tool,tabindex:-1)
2024-02-22 13:05:13,160 [INFO] PluginManage:310 - Check plugin cadmodel
2024-02-22 13:05:13,165 [INFO] CADModel:105 - Init CAD model plugin
2024-02-22 13:05:13,166 [INFO] PluginManage:359 - Loaded plugin cadmodel (category:power,tabindex:5)
2024-02-22 13:05:13,166 [INFO] PluginManage:310 - Check plugin clock
2024-02-22 13:05:13,174 [INFO] PluginManage:359 - Loaded plugin clock (category:base,tabindex:2)
2024-02-22 13:05:13,175 [INFO] PluginManage:310 - Check plugin ddr
2024-02-22 13:05:13,177 [INFO] PluginManage:359 - Loaded plugin ddr (category:tool,tabindex:6)
2024-02-22 13:05:13,177 [INFO] PluginManage:310 - Check plugin filemanager
2024-02-22 13:05:13,305 [INFO] PluginManage:359 - Loaded plugin filemanager (category:base,tabindex:10)
2024-02-22 13:05:13,305 [INFO] PluginManage:310 - Check plugin ipmanager
2024-02-22 13:05:13,312 [INFO] PluginManage:359 - Loaded plugin ipmanager (category:base,tabindex:5)
2024-02-22 13:05:13,312 [INFO] PluginManage:310 - Check plugin lpbam
2024-02-22 13:05:13,319 [INFO] PluginManage:359 - Loaded plugin lpbam (category:base,tabindex:0)
2024-02-22 13:05:13,320 [INFO] PluginManage:310 - Check plugin memorymap
2024-02-22 13:05:13,330 [INFO] PluginManage:359 - Loaded plugin memorymap (category:base,tabindex:4)
2024-02-22 13:05:13,330 [INFO] PluginManage:310 - Check plugin pinoutandconfiguration
2024-02-22 13:05:13,336 [INFO] PluginManage:359 - Loaded plugin pinoutandconfiguration (category:base,tabindex:1)
2024-02-22 13:05:13,336 [INFO] PluginManage:310 - Check plugin pinoutconfig
2024-02-22 13:05:13,481 [WARN] SupportedApi:132 - Cannot load RTOS API schema: s4s-elt-must-match.1: The content of 'definitions' must match (annotation?, (simpleType | complexType)?, (unique | key | keyref)*)). A problem was found starting at: attribute.
2024-02-22 13:05:13,633 [INFO] PluginManage:359 - Loaded plugin pinoutconfig (category:base,tabindex:0)
2024-02-22 13:05:13,633 [INFO] PluginManage:310 - Check plugin power
2024-02-22 13:05:13,644 [INFO] PluginManage:359 - Loaded plugin power (category:power,tabindex:4)
2024-02-22 13:05:13,644 [INFO] PluginManage:310 - Check plugin projectmanager
2024-02-22 13:05:13,662 [INFO] PluginManage:359 - Loaded plugin projectmanager (category:projectmanager,tabindex:3)
2024-02-22 13:05:13,662 [INFO] PluginManage:310 - Check plugin thirdparty
2024-02-22 13:05:13,795 [INFO] PluginManage:359 - Loaded plugin thirdparty (category:base,tabindex:-1)
2024-02-22 13:05:13,794 [WARN] IntegrityCheckThread:84 - waiting for thirdparty lock release [integrity check]
2024-02-22 13:05:13,795 [INFO] PluginManage:310 - Check plugin tools
2024-02-22 13:05:13,795 [INFO] IntegrityCheckThread:86 - entering critical section [integrity check]
2024-02-22 13:05:13,795 [INFO] ThirdPartyUpdaterWithRetryManager:70 - Updater plugin not ready yet. [1/15]
2024-02-22 13:05:13,798 [INFO] PluginManage:359 - Loaded plugin tools (category:base,tabindex:7)
2024-02-22 13:05:13,798 [INFO] PluginManage:310 - Check plugin tutovideos
2024-02-22 13:05:13,960 [INFO] PluginManage:359 - Loaded plugin tutovideos (category:base,tabindex:-1)
2024-02-22 13:05:13,960 [INFO] PluginManage:310 - Check plugin updater
2024-02-22 13:05:13,969 [INFO] PluginManage:359 - Loaded plugin updater (category:base,tabindex:12)
2024-02-22 13:05:13,970 [INFO] PluginManage:310 - Check plugin userauth
2024-02-22 13:05:13,975 [INFO] UserAuth:114 - Init User Auth plugin
2024-02-22 13:05:13,976 [INFO] PluginManage:359 - Loaded plugin userauth (category:base,tabindex:14)
2024-02-22 13:05:13,976 [INFO] PluginManage:283 - PluginManage : Loaded plugins [17]
2024-02-22 13:05:14,192 [INFO] PinOutPanel:1499 - setPackage(No Configuration,No Configuration)
2024-02-22 13:05:14,269 [INFO] CADModel:165 - CPN selected for project level
2024-02-22 13:05:14,269 [INFO] CADModel:114 - Register for checkConnection events
2024-02-22 13:05:14,286 [INFO] IPUIPlugin:80 - create IPUIPlugin
2024-02-22 13:05:14,286 [INFO] PluginManager:220 - loadIPPluginJar : add adc
2024-02-22 13:05:14,288 [INFO] IPUIPlugin:80 - create IPUIPlugin
2024-02-22 13:05:14,288 [INFO] PluginManager:220 - loadIPPluginJar : add aes
2024-02-22 13:05:14,291 [INFO] IPUIPlugin:80 - create IPUIPlugin
2024-02-22 13:05:14,292 [INFO] PluginManager:220 - loadIPPluginJar : add can
2024-02-22 13:05:14,293 [INFO] IPUIPlugin:80 - create IPUIPlugin
2024-02-22 13:05:14,294 [INFO] PluginManager:220 - loadIPPluginJar : add comp
2024-02-22 13:05:14,296 [INFO] IPUIPlugin:80 - create IPUIPlugin
2024-02-22 13:05:14,296 [INFO] PluginManager:220 - loadIPPluginJar : add cryp
2024-02-22 13:05:14,298 [INFO] IPUIPlugin:80 - create IPUIPlugin
2024-02-22 13:05:14,298 [INFO] PluginManager:220 - loadIPPluginJar : add dfsdm
2024-02-22 13:05:14,303 [INFO] IPUIPlugin:80 - create IPUIPlugin
2024-02-22 13:05:14,303 [INFO] PluginManager:220 - loadIPPluginJar : add dma
2024-02-22 13:05:14,305 [INFO] IPUIPlugin:80 - create IPUIPlugin
2024-02-22 13:05:14,305 [INFO] PluginManager:220 - loadIPPluginJar : add dma3
2024-02-22 13:05:14,307 [INFO] IPUIPlugin:80 - create IPUIPlugin
2024-02-22 13:05:14,307 [INFO] PluginManager:220 - loadIPPluginJar : add fatfs
2024-02-22 13:05:14,311 [INFO] IPUIPlugin:80 - create IPUIPlugin
2024-02-22 13:05:14,311 [INFO] PluginManager:220 - loadIPPluginJar : add fmc
2024-02-22 13:05:14,316 [INFO] IPUIPlugin:80 - create IPUIPlugin
2024-02-22 13:05:14,316 [INFO] PluginManager:220 - loadIPPluginJar : add freertos
2024-02-22 13:05:14,317 [INFO] IPUIPlugin:80 - create IPUIPlugin
2024-02-22 13:05:14,318 [INFO] PluginManager:220 - loadIPPluginJar : add genericplugin
2024-02-22 13:05:14,319 [INFO] IPUIPlugin:80 - create IPUIPlugin
2024-02-22 13:05:14,319 [INFO] PluginManager:220 - loadIPPluginJar : add gfxmmu
2024-02-22 13:05:14,324 [INFO] IPUIPlugin:80 - create IPUIPlugin
2024-02-22 13:05:14,324 [INFO] PluginManager:220 - loadIPPluginJar : add gic
2024-02-22 13:05:14,328 [INFO] IPUIPlugin:80 - create IPUIPlugin
2024-02-22 13:05:14,328 [INFO] PluginManager:220 - loadIPPluginJar : add gpio
2024-02-22 13:05:14,331 [INFO] IPUIPlugin:80 - create IPUIPlugin
2024-02-22 13:05:14,331 [INFO] PluginManager:220 - loadIPPluginJar : add gtzc
2024-02-22 13:05:14,333 [INFO] IPUIPlugin:80 - create IPUIPlugin
2024-02-22 13:05:14,333 [INFO] PluginManager:220 - loadIPPluginJar : add hash
2024-02-22 13:05:14,335 [INFO] IPUIPlugin:80 - create IPUIPlugin
2024-02-22 13:05:14,335 [INFO] PluginManager:220 - loadIPPluginJar : add i2c
2024-02-22 13:05:14,337 [INFO] IPUIPlugin:80 - create IPUIPlugin
2024-02-22 13:05:14,337 [INFO] PluginManager:220 - loadIPPluginJar : add i2s
2024-02-22 13:05:14,340 [INFO] IPUIPlugin:80 - create IPUIPlugin
2024-02-22 13:05:14,340 [INFO] PluginManager:220 - loadIPPluginJar : add i3c
2024-02-22 13:05:14,344 [INFO] IPUIPlugin:80 - create IPUIPlugin
2024-02-22 13:05:14,344 [INFO] PluginManager:220 - loadIPPluginJar : add ipddr
2024-02-22 13:05:14,350 [INFO] IPUIPlugin:80 - create IPUIPlugin
2024-02-22 13:05:14,350 [INFO] PluginManager:220 - loadIPPluginJar : add linkedlist
2024-02-22 13:05:14,353 [INFO] IPUIPlugin:80 - create IPUIPlugin
2024-02-22 13:05:14,353 [INFO] PluginManager:220 - loadIPPluginJar : add lorawan
2024-02-22 13:05:14,355 [INFO] IPUIPlugin:80 - create IPUIPlugin
2024-02-22 13:05:14,355 [INFO] PluginManager:220 - loadIPPluginJar : add ltdc
2024-02-22 13:05:14,361 [INFO] IPUIPlugin:80 - create IPUIPlugin
2024-02-22 13:05:14,361 [INFO] PluginManager:220 - loadIPPluginJar : add mdma
2024-02-22 13:05:14,365 [INFO] IPUIPlugin:80 - create IPUIPlugin
2024-02-22 13:05:14,366 [INFO] PluginManager:220 - loadIPPluginJar : add nvic
2024-02-22 13:05:14,368 [INFO] IPUIPlugin:80 - create IPUIPlugin
2024-02-22 13:05:14,368 [INFO] PluginManager:220 - loadIPPluginJar : add opamp
2024-02-22 13:05:14,371 [INFO] IPUIPlugin:80 - create IPUIPlugin
2024-02-22 13:05:14,372 [INFO] PluginManager:220 - loadIPPluginJar : add openamp
2024-02-22 13:05:14,375 [INFO] IPUIPlugin:80 - create IPUIPlugin
2024-02-22 13:05:14,375 [INFO] PluginManager:220 - loadIPPluginJar : add pdm2pcm
2024-02-22 13:05:14,381 [INFO] IPUIPlugin:80 - create IPUIPlugin
2024-02-22 13:05:14,385 [INFO] PluginManager:220 - loadIPPluginJar : add plateformsettings
2024-02-22 13:05:14,386 [INFO] IPUIPlugin:80 - create IPUIPlugin
2024-02-22 13:05:14,387 [INFO] PluginManager:220 - loadIPPluginJar : add quadspi
2024-02-22 13:05:14,390 [INFO] IPUIPlugin:80 - create IPUIPlugin
2024-02-22 13:05:14,390 [INFO] PluginManager:220 - loadIPPluginJar : add resmgrutility
2024-02-22 13:05:14,393 [INFO] IPUIPlugin:80 - create IPUIPlugin
2024-02-22 13:05:14,393 [INFO] PluginManager:220 - loadIPPluginJar : add sai
2024-02-22 13:05:14,395 [INFO] IPUIPlugin:80 - create IPUIPlugin
2024-02-22 13:05:14,395 [INFO] PluginManager:220 - loadIPPluginJar : add spi
2024-02-22 13:05:14,400 [INFO] IPUIPlugin:80 - create IPUIPlugin
2024-02-22 13:05:14,400 [INFO] PluginManager:220 - loadIPPluginJar : add stm32_wpan
2024-02-22 13:05:14,401 [INFO] IPUIPlugin:80 - create IPUIPlugin
2024-02-22 13:05:14,401 [INFO] PluginManager:220 - loadIPPluginJar : add tim
2024-02-22 13:05:14,404 [INFO] IPUIPlugin:80 - create IPUIPlugin
2024-02-22 13:05:14,404 [INFO] PluginManager:220 - loadIPPluginJar : add touchsensing
2024-02-22 13:05:14,405 [INFO] IPUIPlugin:80 - create IPUIPlugin
2024-02-22 13:05:14,405 [INFO] PluginManager:220 - loadIPPluginJar : add tracer_emb
2024-02-22 13:05:14,407 [INFO] IPUIPlugin:80 - create IPUIPlugin
2024-02-22 13:05:14,407 [INFO] PluginManager:220 - loadIPPluginJar : add ts
2024-02-22 13:05:14,408 [INFO] IPUIPlugin:80 - create IPUIPlugin
2024-02-22 13:05:14,408 [INFO] PluginManager:220 - loadIPPluginJar : add tsc
2024-02-22 13:05:14,410 [INFO] IPUIPlugin:80 - create IPUIPlugin
2024-02-22 13:05:14,410 [INFO] PluginManager:220 - loadIPPluginJar : add ucpd
2024-02-22 13:05:14,412 [INFO] IPUIPlugin:80 - create IPUIPlugin
2024-02-22 13:05:14,412 [INFO] PluginManager:220 - loadIPPluginJar : add usart
2024-02-22 13:05:14,414 [INFO] IPUIPlugin:80 - create IPUIPlugin
2024-02-22 13:05:14,414 [INFO] PluginManager:220 - loadIPPluginJar : add usbx
2024-02-22 13:05:14,540 [INFO] CADModel:165 - CPN selected for project level
2024-02-22 13:05:14,540 [INFO] CADModel:114 - Register for checkConnection events
2024-02-22 13:05:14,541 [FATAL] Updater:308 - Updater called before beeing initialized
2024-02-22 13:05:14,541 [ERROR] CADModel:125 - Updater not yet initialized, retry later 
2024-02-22 13:05:14,665 [INFO] CADModel:165 - CPN selected for project level
2024-02-22 13:05:14,665 [INFO] CADModel:114 - Register for checkConnection events
2024-02-22 13:05:14,665 [FATAL] Updater:308 - Updater called before beeing initialized
2024-02-22 13:05:14,665 [ERROR] CADModel:125 - Updater not yet initialized, retry later 
2024-02-22 13:05:14,668 [FATAL] Updater:308 - Updater called before beeing initialized
2024-02-22 13:05:14,771 [FATAL] Updater:308 - Updater called before beeing initialized
2024-02-22 13:05:14,776 [INFO] DbMcusAds:53 - JSON generation date=Thu Sep 30 02:55:09 AST 2021 (1632984909247)
2024-02-22 13:05:14,776 [FATAL] Updater:308 - Updater called before beeing initialized
2024-02-22 13:05:14,811 [WARN] DetailPanel:346 - Failed to get advertising image, set to default
2024-02-22 13:05:14,914 [FATAL] Updater:308 - Updater called before beeing initialized
2024-02-22 13:05:14,915 [FATAL] Updater:308 - Updater called before beeing initialized
2024-02-22 13:05:14,915 [FATAL] Updater:308 - Updater called before beeing initialized
2024-02-22 13:05:14,915 [WARN] DetailPanel:346 - Failed to get advertising image, set to default
2024-02-22 13:05:14,916 [FATAL] Updater:308 - Updater called before beeing initialized
2024-02-22 13:05:14,966 [ERROR] Updater:1120 - MainUpdater not yet initialized. External WinMGr cannot be set.
2024-02-22 13:05:14,968 [INFO] Updater:1056 - Updater Version found : 6.10.0
2024-02-22 13:05:14,986 [INFO] ApplicationProperties:184 - Using Application install path: C:\ST\STM32CubeIDE_1.14.1\STM32CubeIDE\plugins\com.st.stm32cube.common.mx_6.10.0.202311202037
2024-02-22 13:05:16,568 [ERROR] LogOutputStream:75 - [STDERR_REDIRECT] Feb 22, 2024 1:05:16 PM java.util.prefs.WindowsPreferences <init>
2024-02-22 13:05:16,572 [ERROR] LogOutputStream:75 - [STDERR_REDIRECT] WARNING: Could not open/create prefs root node Software\JavaSoft\Prefs at root 0xffffffff80000002. Windows RegCreateKeyEx(...) returned error code 5.
2024-02-22 13:05:16,572 [ERROR] LogOutputStream:75 - [STDERR_REDIRECT] 
2024-02-22 13:05:16,799 [INFO] ThirdPartyUpdaterWithRetryManager:70 - Updater plugin not ready yet. [2/15]
2024-02-22 13:05:16,985 [INFO] MainUpdater:2873 - connection check result : 10
2024-02-22 13:05:16,987 [INFO] MainUpdater:290 - Updater Check For Update Now.
2024-02-22 13:05:16,987 [INFO] MicroXplorer:498 - Change Database Version : DB.6.0.100
2024-02-22 13:05:16,998 [INFO] McuFinderGlobals:63 - Set McuFinder mode to 2 (CubeIDE integrated)
2024-02-22 13:05:16,998 [INFO] UserAuth:180 - activating auth plugin
2024-02-22 13:05:17,003 [INFO] UserAuth:404 - Internet connection configuration mode: 1
2024-02-22 13:05:17,021 [INFO] JxBrowserEngine:152 - Initiate JxBrowser Engine with user profile folder
2024-02-22 13:05:17,194 [INFO] CheckServerUpdateThread:120 - End of CheckServer Thread
2024-02-22 13:05:17,644 [INFO] WebApp:161 - Instantiating new browser for Auth
2024-02-22 13:05:18,309 [INFO] WebApp:780 - Register for checkConnection events
2024-02-22 13:05:18,310 [INFO] WebApp:414 - Apply proxy settings
2024-02-22 13:05:18,310 [INFO] WebApp:499 - Chromium requires no authentication
2024-02-22 13:05:18,316 [INFO] WebApp:442 - Direct internet connection detected
2024-02-22 13:05:18,460 [INFO] WebApp:192 - Starting web application
2024-02-22 13:05:18,460 [INFO] WebApp:544 - Web application path used C:\ST\STM32CubeIDE_1.14.1\STM32CubeIDE\plugins\com.st.stm32cube.common.mx_6.10.0.202311202037\db\plugins\mcufinder\reactClient1\index.html
2024-02-22 13:05:20,182 [WARN] PackLoader:240 - Cannot read IP mode file for STMicroelectronics.X-CUBE-SMBUS.2.1.0
2024-02-22 13:05:20,189 [WARN] PackLoader:240 - Cannot read IP mode file for STMicroelectronics.X-CUBE-TOUCHGFX.4.23.0
2024-02-22 13:05:20,243 [WARN] PackLoader:240 - Cannot read IP mode file for STMicroelectronics.X-CUBE-AZRTOS-F7.1.1.0
2024-02-22 13:05:20,258 [WARN] PackLoader:240 - Cannot read IP mode file for STMicroelectronics.FP-SNS-MOTENV1.4.3.2
2024-02-22 13:05:20,266 [WARN] PackLoader:240 - Cannot read IP mode file for STMicroelectronics.FP-SNS-FLIGHT1.5.0.2
2024-02-22 13:05:20,277 [WARN] PackLoader:240 - Cannot read IP mode file for STMicroelectronics.X-CUBE-DISPLAY.3.0.0
2024-02-22 13:05:20,294 [WARN] PackLoader:240 - Cannot read IP mode file for STMicroelectronics.X-CUBE-BLE1.7.0.0
2024-02-22 13:05:20,302 [WARN] PackLoader:240 - Cannot read IP mode file for emotas.I-CUBE-CANOPEN.1.3.0
2024-02-22 13:05:20,308 [WARN] PackLoader:240 - Cannot read IP mode file for STMicroelectronics.FP-SNS-SMARTAG2.1.2.0
2024-02-22 13:05:20,322 [INFO] LogOutputStream:77 - [STDOUT_REDIRECT] 1 : Invalid condition id : UX_CORESTACK_Condition cause : null
2024-02-22 13:05:20,322 [INFO] LogOutputStream:77 - [STDOUT_REDIRECT] 1 : Invalid condition id : UX_CORESTACK_Condition cause : null
2024-02-22 13:05:20,323 [INFO] LogOutputStream:77 - [STDOUT_REDIRECT] 1 : Invalid condition id : UX_CORESTACK_Condition cause : null
2024-02-22 13:05:20,325 [INFO] LogOutputStream:77 - [STDOUT_REDIRECT] 1 : Invalid condition id : UX_CORESTACK_Condition cause : null
2024-02-22 13:05:20,326 [INFO] LogOutputStream:77 - [STDOUT_REDIRECT] 1 : Invalid condition id : UX_CORESTACK_Condition cause : null
2024-02-22 13:05:20,333 [WARN] PackLoader:240 - Cannot read IP mode file for STMicroelectronics.X-CUBE-AZRTOS-WL.2.0.0
2024-02-22 13:05:20,343 [WARN] PackLoader:240 - Cannot read IP mode file for WES.I-CUBE-Cesium.1.3.0
2024-02-22 13:05:20,351 [WARN] PackLoader:240 - Cannot read IP mode file for STMicroelectronics.X-CUBE-BLE2.3.3.0
2024-02-22 13:05:20,360 [WARN] PackLoader:240 - Cannot read IP mode file for STMicroelectronics.X-CUBE-ALGOBUILD.1.3.0
2024-02-22 13:05:20,384 [WARN] PackLoader:240 - Cannot read IP mode file for STMicroelectronics.X-CUBE-AZRTOS-G0.1.1.0
2024-02-22 13:05:20,394 [WARN] PackLoader:240 - Cannot read IP mode file for STMicroelectronics.X-CUBE-NFC4.3.0.0
2024-02-22 13:05:20,409 [WARN] PackLoader:240 - Cannot read IP mode file for STMicroelectronics.X-CUBE-BLEMGR.3.0.0
2024-02-22 13:05:20,417 [WARN] PackLoader:240 - Cannot read IP mode file for STMicroelectronics.FP-ATR-SIGFOX1.3.2.0
2024-02-22 13:05:20,424 [WARN] PackLoader:240 - Cannot read IP mode file for STMicroelectronics.X-CUBE-EEPRMA1.5.1.0
2024-02-22 13:05:20,484 [WARN] PackLoader:240 - Cannot read IP mode file for SEGGER.I-CUBE-embOS.1.3.1
2024-02-22 13:05:20,561 [WARN] PackLoader:240 - Cannot read IP mode file for STMicroelectronics.X-CUBE-GNSS1.6.0.0
2024-02-22 13:05:20,585 [WARN] PackLoader:240 - Cannot read IP mode file for STMicroelectronics.X-CUBE-AZRTOS-F4.1.1.0
2024-02-22 13:05:20,595 [WARN] PackLoader:240 - Cannot read IP mode file for wolfSSL.I-CUBE-wolfSSL.5.6.6
2024-02-22 13:05:20,614 [WARN] PackLoader:240 - Cannot read IP mode file for STMicroelectronics.X-CUBE-AZRTOS-L5.2.0.0
2024-02-22 13:05:20,624 [WARN] PackLoader:240 - Cannot read IP mode file for ITTIA_DB.I-CUBE-ITTIADB.8.8.0
2024-02-22 13:05:20,631 [WARN] PackLoader:240 - Cannot read IP mode file for STMicroelectronics.X-CUBE-NFC7.1.0.1
2024-02-22 13:05:20,637 [WARN] PackLoader:240 - Cannot read IP mode file for STMicroelectronics.X-CUBE-NFC6.3.0.0
2024-02-22 13:05:20,644 [WARN] PackLoader:240 - Cannot read IP mode file for STMicroelectronics.X-CUBE-AI.8.1.0
2024-02-22 13:05:20,662 [WARN] ConditionMgr:438 - getConditionDescription Invalid condition id : LAN8742 Phy interface Condition cause : null
2024-02-22 13:05:20,662 [WARN] PackLoader:240 - Cannot read IP mode file for STMicroelectronics.X-CUBE-AZRTOS-L4.2.0.0
2024-02-22 13:05:20,664 [WARN] ConditionMgr:1039 - genDependencies : Invalid condition id : LAN8742 Phy interface Condition cause : null
2024-02-22 13:05:20,664 [WARN] ConditionMgr:1039 - genDependencies : Invalid condition id : LAN8742 Phy interface Condition cause : null
2024-02-22 13:05:20,664 [WARN] ConditionMgr:1039 - genDependencies : Invalid condition id : LAN8742 Phy interface Condition cause : null
2024-02-22 13:05:20,671 [WARN] PackLoader:240 - Cannot read IP mode file for STMicroelectronics.X-CUBE-SFXS2LP1.4.0.0
2024-02-22 13:05:20,684 [WARN] ConditionMgr:438 - getConditionDescription Invalid condition id : UX DEVICE CLASS RTOS Condition cause : null
2024-02-22 13:05:20,684 [WARN] ConditionMgr:438 - getConditionDescription Invalid condition id : UX DEVICE CLASS RTOS Condition cause : null
2024-02-22 13:05:20,686 [WARN] PackLoader:240 - Cannot read IP mode file for STMicroelectronics.X-CUBE-AZRTOS-WB.2.0.0
2024-02-22 13:05:20,686 [WARN] ConditionMgr:1039 - genDependencies : Invalid condition id : UX DEVICE CLASS RTOS Condition cause : null
2024-02-22 13:05:20,686 [WARN] ConditionMgr:1039 - genDependencies : Invalid condition id : UX DEVICE CLASS RTOS Condition cause : null
2024-02-22 13:05:20,686 [WARN] ConditionMgr:1039 - genDependencies : Invalid condition id : UX DEVICE CLASS RTOS Condition cause : null
2024-02-22 13:05:20,687 [WARN] ConditionMgr:1039 - genDependencies : Invalid condition id : UX DEVICE CLASS RTOS Condition cause : null
2024-02-22 13:05:20,687 [WARN] ConditionMgr:1039 - genDependencies : Invalid condition id : UX DEVICE CLASS RTOS Condition cause : null
2024-02-22 13:05:20,696 [WARN] PackLoader:240 - Cannot read IP mode file for STMicroelectronics.X-CUBE-SUBG2.5.0.0
2024-02-22 13:05:20,719 [WARN] PackLoader:240 - Cannot read IP mode file for STMicroelectronics.X-CUBE-AZRTOS-G4.2.0.0
2024-02-22 13:05:20,741 [WARN] PackLoader:240 - Cannot read IP mode file for Infineon.AIROC-Wi-Fi-Bluetooth-STM32.1.5.1
2024-02-22 13:05:20,750 [WARN] PackLoader:240 - Cannot read IP mode file for STMicroelectronics.FP-SNS-MOTENVWB1.1.3.1
2024-02-22 13:05:20,755 [WARN] PackLoader:240 - Cannot read IP mode file for STMicroelectronics.X-CUBE-ISPU.2.0.0
2024-02-22 13:05:20,791 [WARN] PackLoader:240 - Cannot read IP mode file for STMicroelectronics.X-CUBE-MEMS1.10.0.0
2024-02-22 13:05:20,951 [WARN] PackLoader:240 - Cannot read IP mode file for STMicroelectronics.X-CUBE-FREERTOS.1.1.0
2024-02-22 13:05:20,957 [WARN] PackLoader:240 - Cannot read IP mode file for portGmbH.I-Cube-SoM-uGOAL.1.1.0
2024-02-22 13:05:20,962 [WARN] PackLoader:240 - Cannot read IP mode file for STMicroelectronics.X-CUBE-ALS.1.0.1
2024-02-22 13:05:20,967 [WARN] PackLoader:240 - Cannot read IP mode file for STMicroelectronics.FP-ATR-ASTRA1.2.0.0
2024-02-22 13:05:20,982 [WARN] PackLoader:240 - Cannot read IP mode file for STMicroelectronics.X-CUBE-TOF1.3.4.0
2024-02-22 13:05:21,016 [WARN] PackLoader:240 - Cannot read IP mode file for STMicroelectronics.X-CUBE-AZRTOS-H7.3.2.0
2024-02-22 13:05:21,024 [INFO] ThirdParty:978 - Integrity check success = true
2024-02-22 13:05:21,025 [INFO] IntegrityCheckThread:100 - exiting critical section [integrity check]
2024-02-22 13:05:21,025 [INFO] IntegrityCheckThread:103 - End integrity checks thread
2024-02-22 13:05:39,139 [ERROR] LogOutputStream:75 - [STDERR_REDIRECT] SLF4J: Failed to load class "org.slf4j.impl.StaticLoggerBinder".
2024-02-22 13:05:39,141 [ERROR] LogOutputStream:75 - [STDERR_REDIRECT] SLF4J: Defaulting to no-operation (NOP) logger implementation
2024-02-22 13:05:39,143 [ERROR] LogOutputStream:75 - [STDERR_REDIRECT] SLF4J: See http://www.slf4j.org/codes.html#StaticLoggerBinder for further details.
2024-02-22 13:47:54,446 [ERROR] LogOutputStream:75 - [STDERR_REDIRECT] 
2024-02-22 13:47:54,449 [ERROR] LogOutputStream:75 - [STDERR_REDIRECT] 
